{"meta": {"format": 3, "version": "7.13.5", "timestamp": "2026-04-02T23:10:11.960840", "branch_coverage": false, "show_contexts": false}, "files": {"scripts/__init__.py": {"executed_lines": [], "summary": {"covered_lines": 0, "num_statements": 0, "percent_covered": 100.0, "percent_covered_display": "100", "missing_lines": 0, "excluded_lines": 0, "percent_statements_covered": 100.0, "percent_statements_covered_display": "100"}, "missing_lines": [], "excluded_lines": [], "functions": {"": {"executed_lines": [], "summary": {"covered_lines": 0, "num_statements": 0, "percent_covered": 100.0, "percent_covered_display": "100", "missing_lines": 0, "excluded_lines": 0, "percent_statements_covered": 100.0, "percent_statements_covered_display": "100"}, "missing_lines": [], "excluded_lines": [], "start_line": 1}}, "classes": {"": {"executed_lines": [], "summary": {"covered_lines": 0, "num_statements": 0, "percent_covered": 100.0, "percent_covered_display": "100", "missing_lines": 0, "excluded_lines": 0, "percent_statements_covered": 100.0, "percent_statements_covered_display": "100"}, "missing_lines": [], "excluded_lines": [], "start_line": 1}}}, "scripts/aggiorna_automatico.py": {"executed_lines": [], "summary": {"covered_lines": 0, "num_statements": 72, "percent_covered": 0.0, "percent_covered_display": "0", "missing_lines": 72, "excluded_lines": 0, "percent_statements_covered": 0.0, "percent_statements_covered_display": "0"}, "missing_lines": [7, 8, 9, 10, 11, 12, 13, 16, 17, 19, 28, 30, 32, 37, 38, 39, 40, 42, 45, 46, 48, 49, 50, 52, 54, 57, 59, 65, 67, 68, 69, 70, 72, 73, 76, 77, 78, 79, 81, 82, 83, 84, 85, 86, 89, 90, 92, 93, 94, 95, 97, 98, 99, 100, 102, 104, 107, 108, 109, 111, 112, 113, 114, 115, 117, 119, 121, 122, 123, 125, 127, 128], "excluded_lines": [], "functions": {"should_update": {"executed_lines": [], "summary": {"covered_lines": 0, "num_statements": 12, "percent_covered": 0.0, "percent_covered_display": "0", "missing_lines": 12, "excluded_lines": 0, "percent_statements_covered": 0.0, "percent_statements_covered_display": "0"}, "missing_lines": [30, 32, 37, 38, 39, 40, 42, 45, 46, 48, 49, 50], "excluded_lines": [], "start_line": 28}, "run_update": {"executed_lines": [], "summary": {"covered_lines": 0, "num_statements": 31, "percent_covered": 0.0, "percent_covered_display": "0", "missing_lines": 31, "excluded_lines": 0, "percent_statements_covered": 0.0, "percent_statements_covered_display": "0"}, "missing_lines": [54, 57, 59, 65, 67, 68, 69, 70, 72, 73, 76, 77, 78, 79, 81, 82, 83, 84, 85, 86, 89, 90, 92, 93, 94, 95, 97, 98, 99, 100, 102], "excluded_lines": [], "start_line": 52}, "main": {"executed_lines": [], "summary": {"covered_lines": 0, "num_statements": 14, "percent_covered": 0.0, "percent_covered_display": "0", "missing_lines": 14, "excluded_lines": 0, "percent_statements_covered": 0.0, "percent_statements_covered_display": "0"}, "missing_lines": [107, 108, 109, 111, 112, 113, 114, 115, 117, 119, 121, 122, 123, 125], "excluded_lines": [], "start_line": 104}, "": {"executed_lines": [], "summary": {"covered_lines": 0, "num_statements": 15, "percent_covered": 0.0, "percent_covered_display": "0", "missing_lines": 15, "excluded_lines": 0, "percent_statements_covered": 0.0, "percent_statements_covered_display": "0"}, "missing_lines": [7, 8, 9, 10, 11, 12, 13, 16, 17, 19, 28, 52, 104, 127, 128], "excluded_lines": [], "start_line": 1}}, "classes": {"": {"executed_lines": [], "summary": {"covered_lines": 0, "num_statements": 72, "percent_covered": 0.0, "percent_covered_display": "0", "missing_lines": 72, "excluded_lines": 0, "percent_statements_covered": 0.0, "percent_statements_covered_display": "0"}, "missing_lines": [7, 8, 9, 10, 11, 12, 13, 16, 17, 19, 28, 30, 32, 37, 38, 39, 40, 42, 45, 46, 48, 49, 50, 52, 54, 57, 59, 65, 67, 68, 69, 70, 72, 73, 76, 77, 78, 79, 81, 82, 83, 84, 85, 86, 89, 90, 92, 93, 94, 95, 97, 98, 99, 100, 102, 104, 107, 108, 109, 111, 112, 113, 114, 115, 117, 119, 121, 122, 123, 125, 127, 128], "excluded_lines": [], "start_line": 1}}}, "scripts/aggiorna_stagione_corrente.py": {"executed_lines": [], "summary": {"covered_lines": 0, "num_statements": 35, "percent_covered": 0.0, "percent_covered_display": "0", "missing_lines": 35, "excluded_lines": 0, "percent_statements_covered": 0.0, "percent_statements_covered_display": "0"}, "missing_lines": [7, 8, 9, 10, 11, 12, 15, 16, 17, 19, 21, 22, 24, 26, 27, 29, 31, 32, 35, 36, 37, 40, 41, 43, 44, 45, 46, 48, 50, 52, 53, 54, 56, 57, 58], "excluded_lines": [], "functions": {"download_stagione_corrente": {"executed_lines": [], "summary": {"covered_lines": 0, "num_statements": 19, "percent_covered": 0.0, "percent_covered_display": "0", "missing_lines": 19, "excluded_lines": 0, "percent_statements_covered": 0.0, "percent_statements_covered_display": "0"}, "missing_lines": [26, 27, 29, 31, 32, 35, 36, 37, 40, 41, 43, 44, 45, 46, 48, 50, 52, 53, 54], "excluded_lines": [], "start_line": 24}, "": {"executed_lines": [], "summary": {"covered_lines": 0, "num_statements": 16, "percent_covered": 0.0, "percent_covered_display": "0", "missing_lines": 16, "excluded_lines": 0, "percent_statements_covered": 0.0, "percent_statements_covered_display": "0"}, "missing_lines": [7, 8, 9, 10, 11, 12, 15, 16, 17, 19, 21, 22, 24, 56, 57, 58], "excluded_lines": [], "start_line": 1}}, "classes": {"": {"executed_lines": [], "summary": {"covered_lines": 0, "num_statements": 35, "percent_covered": 0.0, "percent_covered_display": "0", "missing_lines": 35, "excluded_lines": 0, "percent_statements_covered": 0.0, "percent_statements_covered_display": "0"}, "missing_lines": [7, 8, 9, 10, 11, 12, 15, 16, 17, 19, 21, 22, 24, 26, 27, 29, 31, 32, 35, 36, 37, 40, 41, 43, 44, 45, 46, 48, 50, 52, 53, 54, 56, 57, 58], "excluded_lines": [], "start_line": 1}}}, "scripts/auto_download_data.py": {"executed_lines": [], "summary": {"covered_lines": 0, "num_statements": 76, "percent_covered": 0.0, "percent_covered_display": "0", "missing_lines": 76, "excluded_lines": 0, "percent_statements_covered": 0.0, "percent_statements_covered_display": "0"}, "missing_lines": [7, 8, 9, 10, 11, 13, 15, 18, 19, 20, 21, 23, 24, 26, 29, 31, 32, 34, 35, 36, 39, 40, 42, 43, 46, 47, 49, 52, 53, 54, 56, 57, 58, 60, 61, 62, 63, 66, 67, 69, 71, 72, 73, 74, 76, 77, 78, 79, 82, 83, 84, 85, 87, 88, 89, 90, 91, 92, 94, 96, 97, 98, 100, 101, 103, 104, 105, 107, 108, 110, 111, 112, 113, 114, 116, 117], "excluded_lines": [], "functions": {"download_serie_a_data": {"executed_lines": [], "summary": {"covered_lines": 0, "num_statements": 52, "percent_covered": 0.0, "percent_covered_display": "0", "missing_lines": 52, "excluded_lines": 0, "percent_statements_covered": 0.0, "percent_statements_covered_display": "0"}, "missing_lines": [15, 18, 19, 20, 21, 23, 24, 26, 29, 31, 32, 34, 35, 36, 39, 40, 42, 43, 46, 47, 49, 52, 53, 54, 56, 57, 58, 60, 61, 62, 63, 66, 67, 69, 71, 72, 73, 74, 76, 77, 78, 79, 82, 83, 84, 85, 87, 88, 89, 90, 91, 92], "excluded_lines": [], "start_line": 13}, "main": {"executed_lines": [], "summary": {"covered_lines": 0, "num_statements": 15, "percent_covered": 0.0, "percent_covered_display": "0", "missing_lines": 15, "excluded_lines": 0, "percent_statements_covered": 0.0, "percent_statements_covered_display": "0"}, "missing_lines": [96, 97, 98, 100, 101, 103, 104, 105, 107, 108, 110, 111, 112, 113, 114], "excluded_lines": [], "start_line": 94}, "": {"executed_lines": [], "summary": {"covered_lines": 0, "num_statements": 9, "percent_covered": 0.0, "percent_covered_display": "0", "missing_lines": 9, "excluded_lines": 0, "percent_statements_covered": 0.0, "percent_statements_covered_display": "0"}, "missing_lines": [7, 8, 9, 10, 11, 13, 94, 116, 117], "excluded_lines": [], "start_line": 1}}, "classes": {"": {"executed_lines": [], "summary": {"covered_lines": 0, "num_statements": 76, "percent_covered": 0.0, "percent_covered_display": "0", "missing_lines": 76, "excluded_lines": 0, "percent_statements_covered": 0.0, "percent_statements_covered_display": "0"}, "missing_lines": [7, 8, 9, 10, 11, 13, 15, 18, 19, 20, 21, 23, 24, 26, 29, 31, 32, 34, 35, 36, 39, 40, 42, 43, 46, 47, 49, 52, 53, 54, 56, 57, 58, 60, 61, 62, 63, 66, 67, 69, 71, 72, 73, 74, 76, 77, 78, 79, 82, 83, 84, 85, 87, 88, 89, 90, 91, 92, 94, 96, 97, 98, 100, 101, 103, 104, 105, 107, 108, 110, 111, 112, 113, 114, 116, 117], "excluded_lines": [], "start_line": 1}}}, "scripts/auto_setup_render.py": {"executed_lines": [], "summary": {"covered_lines": 0, "num_statements": 145, "percent_covered": 0.0, "percent_covered_display": "0", "missing_lines": 145, "excluded_lines": 0, "percent_statements_covered": 0.0, "percent_statements_covered_display": "0"}, "missing_lines": [7, 8, 9, 10, 11, 12, 13, 16, 17, 18, 21, 22, 25, 27, 28, 31, 33, 35, 36, 37, 40, 41, 44, 45, 46, 47, 48, 49, 51, 52, 54, 55, 56, 59, 61, 63, 65, 66, 67, 68, 70, 73, 74, 75, 76, 79, 81, 82, 83, 84, 87, 88, 89, 90, 92, 93, 95, 96, 97, 100, 102, 104, 106, 107, 115, 116, 117, 118, 120, 123, 130, 131, 132, 133, 134, 136, 137, 138, 140, 141, 143, 144, 145, 148, 150, 152, 155, 156, 157, 158, 161, 162, 163, 164, 165, 166, 168, 169, 170, 172, 173, 174, 175, 176, 178, 179, 181, 182, 185, 192, 193, 194, 195, 197, 198, 199, 201, 204, 206, 207, 208, 211, 212, 214, 217, 218, 220, 223, 224, 227, 228, 229, 231, 234, 235, 236, 237, 238, 240, 241, 242, 243, 246, 247, 248], "excluded_lines": [], "functions": {"log": {"executed_lines": [], "summary": {"covered_lines": 0, "num_statements": 2, "percent_covered": 0.0, "percent_covered_display": "0", "missing_lines": 2, "excluded_lines": 0, "percent_statements_covered": 0.0, "percent_statements_covered_display": "0"}, "missing_lines": [27, 28], "excluded_lines": [], "start_line": 25}, "download_fresh_data": {"executed_lines": [], "summary": {"covered_lines": 0, "num_statements": 17, "percent_covered": 0.0, "percent_covered_display": "0", "missing_lines": 17, "excluded_lines": 0, "percent_statements_covered": 0.0, "percent_statements_covered_display": "0"}, "missing_lines": [33, 35, 36, 37, 40, 41, 44, 45, 46, 47, 48, 49, 51, 52, 54, 55, 56], "excluded_lines": [], "start_line": 31}, "merge_dataset_completo": {"executed_lines": [], "summary": {"covered_lines": 0, "num_statements": 25, "percent_covered": 0.0, "percent_covered_display": "0", "missing_lines": 25, "excluded_lines": 0, "percent_statements_covered": 0.0, "percent_statements_covered_display": "0"}, "missing_lines": [61, 63, 65, 66, 67, 68, 70, 73, 74, 75, 76, 79, 81, 82, 83, 84, 87, 88, 89, 90, 92, 93, 95, 96, 97], "excluded_lines": [], "start_line": 59}, "retrain_models": {"executed_lines": [], "summary": {"covered_lines": 0, "num_statements": 23, "percent_covered": 0.0, "percent_covered_display": "0", "missing_lines": 23, "excluded_lines": 0, "percent_statements_covered": 0.0, "percent_statements_covered_display": "0"}, "missing_lines": [102, 104, 106, 107, 115, 116, 117, 118, 120, 123, 130, 131, 132, 133, 134, 136, 137, 138, 140, 141, 143, 144, 145], "excluded_lines": [], "start_line": 100}, "verify_system": {"executed_lines": [], "summary": {"covered_lines": 0, "num_statements": 33, "percent_covered": 0.0, "percent_covered_display": "0", "missing_lines": 33, "excluded_lines": 0, "percent_statements_covered": 0.0, "percent_statements_covered_display": "0"}, "missing_lines": [150, 152, 155, 156, 157, 158, 161, 162, 163, 164, 165, 166, 168, 169, 170, 172, 173, 174, 175, 176, 178, 179, 181, 182, 185, 192, 193, 194, 195, 197, 198, 199, 201], "excluded_lines": [], "start_line": 148}, "main": {"executed_lines": [], "summary": {"covered_lines": 0, "num_statements": 24, "percent_covered": 0.0, "percent_covered_display": "0", "missing_lines": 24, "excluded_lines": 0, "percent_statements_covered": 0.0, "percent_statements_covered_display": "0"}, "missing_lines": [206, 207, 208, 211, 212, 214, 217, 218, 220, 223, 224, 227, 228, 229, 231, 234, 235, 236, 237, 238, 240, 241, 242, 243], "excluded_lines": [], "start_line": 204}, "": {"executed_lines": [], "summary": {"covered_lines": 0, "num_statements": 21, "percent_covered": 0.0, "percent_covered_display": "0", "missing_lines": 21, "excluded_lines": 0, "percent_statements_covered": 0.0, "percent_statements_covered_display": "0"}, "missing_lines": [7, 8, 9, 10, 11, 12, 13, 16, 17, 18, 21, 22, 25, 31, 59, 100, 148, 204, 246, 247, 248], "excluded_lines": [], "start_line": 1}}, "classes": {"": {"executed_lines": [], "summary": {"covered_lines": 0, "num_statements": 145, "percent_covered": 0.0, "percent_covered_display": "0", "missing_lines": 145, "excluded_lines": 0, "percent_statements_covered": 0.0, "percent_statements_covered_display": "0"}, "missing_lines": [7, 8, 9, 10, 11, 12, 13, 16, 17, 18, 21, 22, 25, 27, 28, 31, 33, 35, 36, 37, 40, 41, 44, 45, 46, 47, 48, 49, 51, 52, 54, 55, 56, 59, 61, 63, 65, 66, 67, 68, 70, 73, 74, 75, 76, 79, 81, 82, 83, 84, 87, 88, 89, 90, 92, 93, 95, 96, 97, 100, 102, 104, 106, 107, 115, 116, 117, 118, 120, 123, 130, 131, 132, 133, 134, 136, 137, 138, 140, 141, 143, 144, 145, 148, 150, 152, 155, 156, 157, 158, 161, 162, 163, 164, 165, 166, 168, 169, 170, 172, 173, 174, 175, 176, 178, 179, 181, 182, 185, 192, 193, 194, 195, 197, 198, 199, 201, 204, 206, 207, 208, 211, 212, 214, 217, 218, 220, 223, 224, 227, 228, 229, 231, 234, 235, 236, 237, 238, 240, 241, 242, 243, 246, 247, 248], "excluded_lines": [], "start_line": 1}}}, "scripts/cleanup_cache.py": {"executed_lines": [], "summary": {"covered_lines": 0, "num_statements": 112, "percent_covered": 0.0, "percent_covered_display": "0", "missing_lines": 112, "excluded_lines": 0, "percent_statements_covered": 0.0, "percent_statements_covered_display": "0"}, "missing_lines": [7, 8, 9, 10, 11, 12, 15, 16, 18, 27, 29, 30, 31, 34, 37, 40, 42, 43, 45, 46, 48, 49, 50, 51, 52, 53, 55, 57, 58, 59, 61, 62, 64, 65, 66, 67, 68, 69, 70, 71, 72, 73, 75, 77, 79, 80, 81, 84, 86, 87, 88, 91, 92, 93, 94, 95, 96, 97, 98, 100, 102, 104, 105, 107, 108, 109, 110, 111, 112, 113, 114, 115, 116, 117, 119, 120, 122, 124, 126, 127, 128, 129, 130, 131, 132, 133, 134, 136, 137, 139, 140, 142, 144, 145, 147, 149, 150, 151, 154, 157, 158, 159, 162, 163, 164, 167, 170, 172, 173, 174, 176, 177], "excluded_lines": [], "functions": {"cleanup_redis_cache": {"executed_lines": [], "summary": {"covered_lines": 0, "num_statements": 16, "percent_covered": 0.0, "percent_covered_display": "0", "missing_lines": 16, "excluded_lines": 0, "percent_statements_covered": 0.0, "percent_statements_covered_display": "0"}, "missing_lines": [29, 30, 31, 34, 37, 40, 42, 43, 45, 46, 48, 49, 50, 51, 52, 53], "excluded_lines": [], "start_line": 27}, "cleanup_old_logs": {"executed_lines": [], "summary": {"covered_lines": 0, "num_statements": 16, "percent_covered": 0.0, "percent_covered_display": "0", "missing_lines": 16, "excluded_lines": 0, "percent_statements_covered": 0.0, "percent_statements_covered_display": "0"}, "missing_lines": [57, 58, 59, 61, 62, 64, 65, 66, 67, 68, 69, 70, 71, 72, 73, 75], "excluded_lines": [], "start_line": 55}, "rotate_backups": {"executed_lines": [], "summary": {"covered_lines": 0, "num_statements": 16, "percent_covered": 0.0, "percent_covered_display": "0", "missing_lines": 16, "excluded_lines": 0, "percent_statements_covered": 0.0, "percent_statements_covered_display": "0"}, "missing_lines": [79, 80, 81, 84, 86, 87, 88, 91, 92, 93, 94, 95, 96, 97, 98, 100], "excluded_lines": [], "start_line": 77}, "cleanup_temp_files": {"executed_lines": [], "summary": {"covered_lines": 0, "num_statements": 16, "percent_covered": 0.0, "percent_covered_display": "0", "missing_lines": 16, "excluded_lines": 0, "percent_statements_covered": 0.0, "percent_statements_covered_display": "0"}, "missing_lines": [104, 105, 107, 108, 109, 110, 111, 112, 113, 114, 115, 116, 117, 119, 120, 122], "excluded_lines": [], "start_line": 102}, "get_disk_usage": {"executed_lines": [], "summary": {"covered_lines": 0, "num_statements": 16, "percent_covered": 0.0, "percent_covered_display": "0", "missing_lines": 16, "excluded_lines": 0, "percent_statements_covered": 0.0, "percent_statements_covered_display": "0"}, "missing_lines": [126, 127, 128, 129, 130, 131, 132, 133, 134, 136, 137, 139, 140, 142, 144, 145], "excluded_lines": [], "start_line": 124}, "main": {"executed_lines": [], "summary": {"covered_lines": 0, "num_statements": 15, "percent_covered": 0.0, "percent_covered_display": "0", "missing_lines": 15, "excluded_lines": 0, "percent_statements_covered": 0.0, "percent_statements_covered_display": "0"}, "missing_lines": [149, 150, 151, 154, 157, 158, 159, 162, 163, 164, 167, 170, 172, 173, 174], "excluded_lines": [], "start_line": 147}, "": {"executed_lines": [], "summary": {"covered_lines": 0, "num_statements": 17, "percent_covered": 0.0, "percent_covered_display": "0", "missing_lines": 17, "excluded_lines": 0, "percent_statements_covered": 0.0, "percent_statements_covered_display": "0"}, "missing_lines": [7, 8, 9, 10, 11, 12, 15, 16, 18, 27, 55, 77, 102, 124, 147, 176, 177], "excluded_lines": [], "start_line": 1}}, "classes": {"": {"executed_lines": [], "summary": {"covered_lines": 0, "num_statements": 112, "percent_covered": 0.0, "percent_covered_display": "0", "missing_lines": 112, "excluded_lines": 0, "percent_statements_covered": 0.0, "percent_statements_covered_display": "0"}, "missing_lines": [7, 8, 9, 10, 11, 12, 15, 16, 18, 27, 29, 30, 31, 34, 37, 40, 42, 43, 45, 46, 48, 49, 50, 51, 52, 53, 55, 57, 58, 59, 61, 62, 64, 65, 66, 67, 68, 69, 70, 71, 72, 73, 75, 77, 79, 80, 81, 84, 86, 87, 88, 91, 92, 93, 94, 95, 96, 97, 98, 100, 102, 104, 105, 107, 108, 109, 110, 111, 112, 113, 114, 115, 116, 117, 119, 120, 122, 124, 126, 127, 128, 129, 130, 131, 132, 133, 134, 136, 137, 139, 140, 142, 144, 145, 147, 149, 150, 151, 154, 157, 158, 159, 162, 163, 164, 167, 170, 172, 173, 174, 176, 177], "excluded_lines": [], "start_line": 1}}}, "scripts/consolidate_tracking.py": {"executed_lines": [], "summary": {"covered_lines": 0, "num_statements": 107, "percent_covered": 0.0, "percent_covered_display": "0", "missing_lines": 107, "excluded_lines": 0, "percent_statements_covered": 0.0, "percent_statements_covered_display": "0"}, "missing_lines": [8, 9, 10, 13, 19, 21, 23, 28, 30, 31, 32, 33, 34, 35, 36, 37, 38, 41, 47, 51, 52, 54, 56, 61, 63, 64, 67, 68, 69, 70, 72, 73, 75, 76, 77, 78, 79, 82, 83, 89, 93, 94, 96, 99, 100, 102, 104, 106, 109, 111, 129, 130, 132, 133, 135, 136, 137, 139, 140, 141, 144, 145, 147, 148, 153, 155, 156, 157, 159, 160, 161, 164, 167, 168, 169, 172, 173, 177, 178, 181, 182, 184, 185, 186, 187, 188, 189, 190, 192, 193, 195, 196, 199, 200, 201, 204, 205, 206, 207, 208, 210, 211, 213, 215, 217, 218, 219], "excluded_lines": [], "functions": {"normalize_marzo_file": {"executed_lines": [], "summary": {"covered_lines": 0, "num_statements": 1, "percent_covered": 0.0, "percent_covered_display": "0", "missing_lines": 1, "excluded_lines": 0, "percent_statements_covered": 0.0, "percent_statements_covered_display": "0"}, "missing_lines": [21], "excluded_lines": [], "start_line": 19}, "normalize_febbraio_file": {"executed_lines": [], "summary": {"covered_lines": 0, "num_statements": 15, "percent_covered": 0.0, "percent_covered_display": "0", "missing_lines": 15, "excluded_lines": 0, "percent_statements_covered": 0.0, "percent_statements_covered_display": "0"}, "missing_lines": [28, 30, 31, 32, 33, 34, 35, 36, 37, 38, 41, 47, 51, 52, 54], "excluded_lines": [], "start_line": 23}, "normalize_giocate_file": {"executed_lines": [], "summary": {"covered_lines": 0, "num_statements": 24, "percent_covered": 0.0, "percent_covered_display": "0", "missing_lines": 24, "excluded_lines": 0, "percent_statements_covered": 0.0, "percent_statements_covered_display": "0"}, "missing_lines": [61, 63, 64, 67, 68, 69, 70, 72, 73, 75, 76, 77, 78, 79, 82, 83, 89, 93, 94, 96, 99, 100, 102, 104], "excluded_lines": [], "start_line": 56}, "consolidate_tracking_files": {"executed_lines": [], "summary": {"covered_lines": 0, "num_statements": 56, "percent_covered": 0.0, "percent_covered_display": "0", "missing_lines": 56, "excluded_lines": 0, "percent_statements_covered": 0.0, "percent_statements_covered_display": "0"}, "missing_lines": [109, 111, 129, 130, 132, 133, 135, 136, 137, 139, 140, 141, 144, 145, 147, 148, 153, 155, 156, 157, 159, 160, 161, 164, 167, 168, 169, 172, 173, 177, 178, 181, 182, 184, 185, 186, 187, 188, 189, 190, 192, 193, 195, 196, 199, 200, 201, 204, 205, 206, 207, 208, 210, 211, 213, 215], "excluded_lines": [], "start_line": 106}, "": {"executed_lines": [], "summary": {"covered_lines": 0, "num_statements": 11, "percent_covered": 0.0, "percent_covered_display": "0", "missing_lines": 11, "excluded_lines": 0, "percent_statements_covered": 0.0, "percent_statements_covered_display": "0"}, "missing_lines": [8, 9, 10, 13, 19, 23, 56, 106, 217, 218, 219], "excluded_lines": [], "start_line": 1}}, "classes": {"": {"executed_lines": [], "summary": {"covered_lines": 0, "num_statements": 107, "percent_covered": 0.0, "percent_covered_display": "0", "missing_lines": 107, "excluded_lines": 0, "percent_statements_covered": 0.0, "percent_statements_covered_display": "0"}, "missing_lines": [8, 9, 10, 13, 19, 21, 23, 28, 30, 31, 32, 33, 34, 35, 36, 37, 38, 41, 47, 51, 52, 54, 56, 61, 63, 64, 67, 68, 69, 70, 72, 73, 75, 76, 77, 78, 79, 82, 83, 89, 93, 94, 96, 99, 100, 102, 104, 106, 109, 111, 129, 130, 132, 133, 135, 136, 137, 139, 140, 141, 144, 145, 147, 148, 153, 155, 156, 157, 159, 160, 161, 164, 167, 168, 169, 172, 173, 177, 178, 181, 182, 184, 185, 186, 187, 188, 189, 190, 192, 193, 195, 196, 199, 200, 201, 204, 205, 206, 207, 208, 210, 211, 213, 215, 217, 218, 219], "excluded_lines": [], "start_line": 1}}}, "scripts/feature_engineering.py": {"executed_lines": [], "summary": {"covered_lines": 0, "num_statements": 118, "percent_covered": 0.0, "percent_covered_display": "0", "missing_lines": 118, "excluded_lines": 0, "percent_statements_covered": 0.0, "percent_statements_covered_display": "0"}, "missing_lines": [1, 2, 3, 4, 6, 7, 8, 9, 10, 12, 15, 20, 21, 23, 24, 25, 27, 28, 29, 30, 31, 32, 33, 34, 36, 37, 38, 39, 40, 41, 43, 53, 55, 61, 62, 64, 65, 66, 68, 69, 70, 71, 73, 74, 75, 76, 78, 80, 82, 89, 91, 92, 97, 102, 103, 105, 106, 107, 109, 110, 111, 112, 113, 114, 115, 116, 118, 119, 120, 121, 122, 123, 125, 135, 137, 139, 140, 141, 142, 144, 145, 146, 149, 153, 158, 159, 162, 163, 166, 167, 170, 173, 227, 229, 230, 232, 233, 236, 237, 238, 240, 241, 244, 247, 250, 251, 254, 255, 256, 257, 260, 261, 264, 266, 267, 268, 269, 271], "excluded_lines": [], "functions": {"FeatureEngineer.__init__": {"executed_lines": [], "summary": {"covered_lines": 0, "num_statements": 3, "percent_covered": 0.0, "percent_covered_display": "0", "missing_lines": 3, "excluded_lines": 0, "percent_statements_covered": 0.0, "percent_statements_covered_display": "0"}, "missing_lines": [8, 9, 10], "excluded_lines": [], "start_line": 7}, "FeatureEngineer.calcola_forma_recente": {"executed_lines": [], "summary": {"covered_lines": 0, "num_statements": 21, "percent_covered": 0.0, "percent_covered_display": "0", "missing_lines": 21, "excluded_lines": 0, "percent_statements_covered": 0.0, "percent_statements_covered_display": "0"}, "missing_lines": [15, 20, 21, 23, 24, 25, 27, 28, 29, 30, 31, 32, 33, 34, 36, 37, 38, 39, 40, 41, 43], "excluded_lines": [], "start_line": 12}, "FeatureEngineer.calcola_head_to_head": {"executed_lines": [], "summary": {"covered_lines": 0, "num_statements": 17, "percent_covered": 0.0, "percent_covered_display": "0", "missing_lines": 17, "excluded_lines": 0, "percent_statements_covered": 0.0, "percent_statements_covered_display": "0"}, "missing_lines": [55, 61, 62, 64, 65, 66, 68, 69, 70, 71, 73, 74, 75, 76, 78, 80, 82], "excluded_lines": [], "start_line": 53}, "FeatureEngineer.calcola_performance_casa_trasferta": {"executed_lines": [], "summary": {"covered_lines": 0, "num_statements": 23, "percent_covered": 0.0, "percent_covered_display": "0", "missing_lines": 23, "excluded_lines": 0, "percent_statements_covered": 0.0, "percent_statements_covered_display": "0"}, "missing_lines": [91, 92, 97, 102, 103, 105, 106, 107, 109, 110, 111, 112, 113, 114, 115, 116, 118, 119, 120, 121, 122, 123, 125], "excluded_lines": [], "start_line": 89}, "FeatureEngineer.crea_features": {"executed_lines": [], "summary": {"covered_lines": 0, "num_statements": 21, "percent_covered": 0.0, "percent_covered_display": "0", "missing_lines": 21, "excluded_lines": 0, "percent_statements_covered": 0.0, "percent_statements_covered_display": "0"}, "missing_lines": [137, 139, 140, 141, 142, 144, 145, 146, 149, 153, 158, 159, 162, 163, 166, 167, 170, 173, 227, 229, 230], "excluded_lines": [], "start_line": 135}, "main": {"executed_lines": [], "summary": {"covered_lines": 0, "num_statements": 17, "percent_covered": 0.0, "percent_covered_display": "0", "missing_lines": 17, "excluded_lines": 0, "percent_statements_covered": 0.0, "percent_statements_covered_display": "0"}, "missing_lines": [233, 236, 237, 238, 240, 241, 244, 247, 250, 251, 254, 255, 256, 257, 260, 261, 264], "excluded_lines": [], "start_line": 232}, "": {"executed_lines": [], "summary": {"covered_lines": 0, "num_statements": 16, "percent_covered": 0.0, "percent_covered_display": "0", "missing_lines": 16, "excluded_lines": 0, "percent_statements_covered": 0.0, "percent_statements_covered_display": "0"}, "missing_lines": [1, 2, 3, 4, 6, 7, 12, 53, 89, 135, 232, 266, 267, 268, 269, 271], "excluded_lines": [], "start_line": 1}}, "classes": {"FeatureEngineer": {"executed_lines": [], "summary": {"covered_lines": 0, "num_statements": 85, "percent_covered": 0.0, "percent_covered_display": "0", "missing_lines": 85, "excluded_lines": 0, "percent_statements_covered": 0.0, "percent_statements_covered_display": "0"}, "missing_lines": [8, 9, 10, 15, 20, 21, 23, 24, 25, 27, 28, 29, 30, 31, 32, 33, 34, 36, 37, 38, 39, 40, 41, 43, 55, 61, 62, 64, 65, 66, 68, 69, 70, 71, 73, 74, 75, 76, 78, 80, 82, 91, 92, 97, 102, 103, 105, 106, 107, 109, 110, 111, 112, 113, 114, 115, 116, 118, 119, 120, 121, 122, 123, 125, 137, 139, 140, 141, 142, 144, 145, 146, 149, 153, 158, 159, 162, 163, 166, 167, 170, 173, 227, 229, 230], "excluded_lines": [], "start_line": 6}, "": {"executed_lines": [], "summary": {"covered_lines": 0, "num_statements": 33, "percent_covered": 0.0, "percent_covered_display": "0", "missing_lines": 33, "excluded_lines": 0, "percent_statements_covered": 0.0, "percent_statements_covered_display": "0"}, "missing_lines": [1, 2, 3, 4, 6, 7, 12, 53, 89, 135, 232, 233, 236, 237, 238, 240, 241, 244, 247, 250, 251, 254, 255, 256, 257, 260, 261, 264, 266, 267, 268, 269, 271], "excluded_lines": [], "start_line": 1}}}, "scripts/health_check.py": {"executed_lines": [], "summary": {"covered_lines": 0, "num_statements": 62, "percent_covered": 0.0, "percent_covered_display": "0", "missing_lines": 62, "excluded_lines": 0, "percent_statements_covered": 0.0, "percent_statements_covered_display": "0"}, "missing_lines": [7, 8, 9, 10, 11, 12, 15, 16, 17, 19, 21, 22, 23, 28, 29, 30, 31, 33, 35, 36, 37, 38, 39, 41, 46, 47, 49, 51, 52, 53, 54, 56, 61, 62, 64, 66, 67, 68, 69, 71, 75, 76, 78, 80, 82, 93, 94, 95, 96, 97, 99, 102, 103, 104, 107, 108, 110, 111, 112, 115, 117, 118], "excluded_lines": [], "functions": {"check_render_api": {"executed_lines": [], "summary": {"covered_lines": 0, "num_statements": 7, "percent_covered": 0.0, "percent_covered_display": "0", "missing_lines": 7, "excluded_lines": 0, "percent_statements_covered": 0.0, "percent_statements_covered_display": "0"}, "missing_lines": [21, 22, 23, 28, 29, 30, 31], "excluded_lines": [], "start_line": 19}, "check_data_freshness": {"executed_lines": [], "summary": {"covered_lines": 0, "num_statements": 8, "percent_covered": 0.0, "percent_covered_display": "0", "missing_lines": 8, "excluded_lines": 0, "percent_statements_covered": 0.0, "percent_statements_covered_display": "0"}, "missing_lines": [35, 36, 37, 38, 39, 41, 46, 47], "excluded_lines": [], "start_line": 33}, "check_disk_space": {"executed_lines": [], "summary": {"covered_lines": 0, "num_statements": 7, "percent_covered": 0.0, "percent_covered_display": "0", "missing_lines": 7, "excluded_lines": 0, "percent_statements_covered": 0.0, "percent_statements_covered_display": "0"}, "missing_lines": [51, 52, 53, 54, 56, 61, 62], "excluded_lines": [], "start_line": 49}, "check_cron_daemon": {"executed_lines": [], "summary": {"covered_lines": 0, "num_statements": 7, "percent_covered": 0.0, "percent_covered_display": "0", "missing_lines": 7, "excluded_lines": 0, "percent_statements_covered": 0.0, "percent_statements_covered_display": "0"}, "missing_lines": [66, 67, 68, 69, 71, 75, 76], "excluded_lines": [], "start_line": 64}, "main": {"executed_lines": [], "summary": {"covered_lines": 0, "num_statements": 17, "percent_covered": 0.0, "percent_covered_display": "0", "missing_lines": 17, "excluded_lines": 0, "percent_statements_covered": 0.0, "percent_statements_covered_display": "0"}, "missing_lines": [80, 82, 93, 94, 95, 96, 97, 99, 102, 103, 104, 107, 108, 110, 111, 112, 115], "excluded_lines": [], "start_line": 78}, "": {"executed_lines": [], "summary": {"covered_lines": 0, "num_statements": 16, "percent_covered": 0.0, "percent_covered_display": "0", "missing_lines": 16, "excluded_lines": 0, "percent_statements_covered": 0.0, "percent_statements_covered_display": "0"}, "missing_lines": [7, 8, 9, 10, 11, 12, 15, 16, 17, 19, 33, 49, 64, 78, 117, 118], "excluded_lines": [], "start_line": 1}}, "classes": {"": {"executed_lines": [], "summary": {"covered_lines": 0, "num_statements": 62, "percent_covered": 0.0, "percent_covered_display": "0", "missing_lines": 62, "excluded_lines": 0, "percent_statements_covered": 0.0, "percent_statements_covered_display": "0"}, "missing_lines": [7, 8, 9, 10, 11, 12, 15, 16, 17, 19, 21, 22, 23, 28, 29, 30, 31, 33, 35, 36, 37, 38, 39, 41, 46, 47, 49, 51, 52, 53, 54, 56, 61, 62, 64, 66, 67, 68, 69, 71, 75, 76, 78, 80, 82, 93, 94, 95, 96, 97, 99, 102, 103, 104, 107, 108, 110, 111, 112, 115, 117, 118], "excluded_lines": [], "start_line": 1}}}, "scripts/mercati_multipli_clean.py": {"executed_lines": [], "summary": {"covered_lines": 0, "num_statements": 183, "percent_covered": 0.0, "percent_covered_display": "0", "missing_lines": 183, "excluded_lines": 0, "percent_statements_covered": 0.0, "percent_statements_covered_display": "0"}, "missing_lines": [1, 2, 3, 4, 5, 6, 7, 10, 11, 13, 16, 19, 20, 22, 23, 25, 26, 27, 28, 29, 32, 33, 34, 35, 36, 37, 39, 42, 49, 51, 52, 54, 56, 57, 58, 64, 71, 72, 75, 92, 94, 95, 96, 98, 100, 101, 103, 105, 106, 107, 109, 118, 119, 120, 122, 130, 132, 133, 135, 137, 138, 140, 142, 143, 145, 147, 148, 150, 151, 153, 155, 156, 158, 160, 161, 163, 164, 165, 167, 168, 169, 170, 172, 173, 175, 177, 178, 179, 180, 181, 182, 184, 186, 194, 196, 203, 205, 208, 211, 212, 213, 214, 215, 216, 218, 219, 221, 223, 231, 234, 235, 238, 239, 242, 243, 244, 246, 248, 255, 257, 260, 261, 262, 265, 266, 268, 275, 277, 280, 281, 282, 285, 286, 287, 288, 291, 292, 294, 303, 305, 308, 309, 312, 314, 315, 318, 319, 321, 324, 325, 326, 329, 331, 339, 341, 342, 343, 344, 345, 346, 348, 349, 350, 351, 352, 353, 355, 358, 360, 361, 362, 364, 367, 368, 370, 378, 380, 381, 383, 384, 392, 393, 401], "excluded_lines": [], "functions": {"MercatiMultipli.__init__": {"executed_lines": [], "summary": {"covered_lines": 0, "num_statements": 17, "percent_covered": 0.0, "percent_covered_display": "0", "missing_lines": 17, "excluded_lines": 0, "percent_statements_covered": 0.0, "percent_statements_covered_display": "0"}, "missing_lines": [19, 20, 22, 23, 25, 26, 27, 28, 29, 32, 33, 34, 35, 36, 37, 39, 42], "excluded_lines": [], "start_line": 16}, "MercatiMultipli.predici_tutti_mercati": {"executed_lines": [], "summary": {"covered_lines": 0, "num_statements": 14, "percent_covered": 0.0, "percent_covered_display": "0", "missing_lines": 14, "excluded_lines": 0, "percent_statements_covered": 0.0, "percent_statements_covered_display": "0"}, "missing_lines": [51, 52, 54, 56, 57, 58, 64, 71, 72, 75, 92, 94, 95, 96], "excluded_lines": [], "start_line": 49}, "MercatiMultipli._analizza_statistiche_gol": {"executed_lines": [], "summary": {"covered_lines": 0, "num_statements": 14, "percent_covered": 0.0, "percent_covered_display": "0", "missing_lines": 14, "excluded_lines": 0, "percent_statements_covered": 0.0, "percent_statements_covered_display": "0"}, "missing_lines": [100, 101, 103, 105, 106, 107, 109, 118, 119, 120, 122, 130, 132, 133], "excluded_lines": [], "start_line": 98}, "MercatiMultipli._analizza_forma_squadre": {"executed_lines": [], "summary": {"covered_lines": 0, "num_statements": 13, "percent_covered": 0.0, "percent_covered_display": "0", "missing_lines": 13, "excluded_lines": 0, "percent_statements_covered": 0.0, "percent_statements_covered_display": "0"}, "missing_lines": [137, 138, 140, 142, 143, 145, 147, 148, 150, 151, 153, 155, 156], "excluded_lines": [], "start_line": 135}, "MercatiMultipli._calcola_forma": {"executed_lines": [], "summary": {"covered_lines": 0, "num_statements": 20, "percent_covered": 0.0, "percent_covered_display": "0", "missing_lines": 20, "excluded_lines": 0, "percent_statements_covered": 0.0, "percent_statements_covered_display": "0"}, "missing_lines": [160, 161, 163, 164, 165, 167, 168, 169, 170, 172, 173, 175, 177, 178, 179, 180, 181, 182, 184, 186], "excluded_lines": [], "start_line": 158}, "MercatiMultipli._mercato_1x2": {"executed_lines": [], "summary": {"covered_lines": 0, "num_statements": 1, "percent_covered": 0.0, "percent_covered_display": "0", "missing_lines": 1, "excluded_lines": 0, "percent_statements_covered": 0.0, "percent_statements_covered_display": "0"}, "missing_lines": [196], "excluded_lines": [], "start_line": 194}, "MercatiMultipli._mercato_over_under": {"executed_lines": [], "summary": {"covered_lines": 0, "num_statements": 12, "percent_covered": 0.0, "percent_covered_display": "0", "missing_lines": 12, "excluded_lines": 0, "percent_statements_covered": 0.0, "percent_statements_covered_display": "0"}, "missing_lines": [205, 208, 211, 212, 213, 214, 215, 216, 218, 219, 221, 223], "excluded_lines": [], "start_line": 203}, "MercatiMultipli._mercato_btts": {"executed_lines": [], "summary": {"covered_lines": 0, "num_statements": 9, "percent_covered": 0.0, "percent_covered_display": "0", "missing_lines": 9, "excluded_lines": 0, "percent_statements_covered": 0.0, "percent_statements_covered_display": "0"}, "missing_lines": [234, 235, 238, 239, 242, 243, 244, 246, 248], "excluded_lines": [], "start_line": 231}, "MercatiMultipli._mercato_double_chance": {"executed_lines": [], "summary": {"covered_lines": 0, "num_statements": 7, "percent_covered": 0.0, "percent_covered_display": "0", "missing_lines": 7, "excluded_lines": 0, "percent_statements_covered": 0.0, "percent_statements_covered_display": "0"}, "missing_lines": [257, 260, 261, 262, 265, 266, 268], "excluded_lines": [], "start_line": 255}, "MercatiMultipli._mercato_handicap": {"executed_lines": [], "summary": {"covered_lines": 0, "num_statements": 11, "percent_covered": 0.0, "percent_covered_display": "0", "missing_lines": 11, "excluded_lines": 0, "percent_statements_covered": 0.0, "percent_statements_covered_display": "0"}, "missing_lines": [277, 280, 281, 282, 285, 286, 287, 288, 291, 292, 294], "excluded_lines": [], "start_line": 275}, "MercatiMultipli._mercato_exact_score": {"executed_lines": [], "summary": {"covered_lines": 0, "num_statements": 14, "percent_covered": 0.0, "percent_covered_display": "0", "missing_lines": 14, "excluded_lines": 0, "percent_statements_covered": 0.0, "percent_statements_covered_display": "0"}, "missing_lines": [305, 308, 309, 312, 314, 315, 318, 319, 321, 324, 325, 326, 329, 331], "excluded_lines": [], "start_line": 303}, "MercatiMultipli._poisson_prob": {"executed_lines": [], "summary": {"covered_lines": 0, "num_statements": 13, "percent_covered": 0.0, "percent_covered_display": "0", "missing_lines": 13, "excluded_lines": 0, "percent_statements_covered": 0.0, "percent_statements_covered_display": "0"}, "missing_lines": [341, 342, 343, 344, 345, 346, 348, 349, 350, 351, 352, 353, 355], "excluded_lines": [], "start_line": 339}, "MercatiMultipli._simula_statistiche_gol": {"executed_lines": [], "summary": {"covered_lines": 0, "num_statements": 3, "percent_covered": 0.0, "percent_covered_display": "0", "missing_lines": 3, "excluded_lines": 0, "percent_statements_covered": 0.0, "percent_statements_covered_display": "0"}, "missing_lines": [360, 361, 362], "excluded_lines": [], "start_line": 358}, "MercatiMultipli._simula_statistiche_squadra": {"executed_lines": [], "summary": {"covered_lines": 0, "num_statements": 3, "percent_covered": 0.0, "percent_covered_display": "0", "missing_lines": 3, "excluded_lines": 0, "percent_statements_covered": 0.0, "percent_statements_covered_display": "0"}, "missing_lines": [367, 368, 370], "excluded_lines": [], "start_line": 364}, "MercatiMultipli._simula_forma_squadre": {"executed_lines": [], "summary": {"covered_lines": 0, "num_statements": 7, "percent_covered": 0.0, "percent_covered_display": "0", "missing_lines": 7, "excluded_lines": 0, "percent_statements_covered": 0.0, "percent_statements_covered_display": "0"}, "missing_lines": [380, 381, 383, 384, 392, 393, 401], "excluded_lines": [], "start_line": 378}, "": {"executed_lines": [], "summary": {"covered_lines": 0, "num_statements": 25, "percent_covered": 0.0, "percent_covered_display": "0", "missing_lines": 25, "excluded_lines": 0, "percent_statements_covered": 0.0, "percent_statements_covered_display": "0"}, "missing_lines": [1, 2, 3, 4, 5, 6, 7, 10, 11, 13, 16, 49, 98, 135, 158, 194, 203, 231, 255, 275, 303, 339, 358, 364, 378], "excluded_lines": [], "start_line": 1}}, "classes": {"MercatiMultipli": {"executed_lines": [], "summary": {"covered_lines": 0, "num_statements": 158, "percent_covered": 0.0, "percent_covered_display": "0", "missing_lines": 158, "excluded_lines": 0, "percent_statements_covered": 0.0, "percent_statements_covered_display": "0"}, "missing_lines": [19, 20, 22, 23, 25, 26, 27, 28, 29, 32, 33, 34, 35, 36, 37, 39, 42, 51, 52, 54, 56, 57, 58, 64, 71, 72, 75, 92, 94, 95, 96, 100, 101, 103, 105, 106, 107, 109, 118, 119, 120, 122, 130, 132, 133, 137, 138, 140, 142, 143, 145, 147, 148, 150, 151, 153, 155, 156, 160, 161, 163, 164, 165, 167, 168, 169, 170, 172, 173, 175, 177, 178, 179, 180, 181, 182, 184, 186, 196, 205, 208, 211, 212, 213, 214, 215, 216, 218, 219, 221, 223, 234, 235, 238, 239, 242, 243, 244, 246, 248, 257, 260, 261, 262, 265, 266, 268, 277, 280, 281, 282, 285, 286, 287, 288, 291, 292, 294, 305, 308, 309, 312, 314, 315, 318, 319, 321, 324, 325, 326, 329, 331, 341, 342, 343, 344, 345, 346, 348, 349, 350, 351, 352, 353, 355, 360, 361, 362, 367, 368, 370, 380, 381, 383, 384, 392, 393, 401], "excluded_lines": [], "start_line": 13}, "": {"executed_lines": [], "summary": {"covered_lines": 0, "num_statements": 25, "percent_covered": 0.0, "percent_covered_display": "0", "missing_lines": 25, "excluded_lines": 0, "percent_statements_covered": 0.0, "percent_statements_covered_display": "0"}, "missing_lines": [1, 2, 3, 4, 5, 6, 7, 10, 11, 13, 16, 49, 98, 135, 158, 194, 203, 231, 255, 275, 303, 339, 358, 364, 378], "excluded_lines": [], "start_line": 1}}}, "scripts/migrate_csv_to_postgres.py": {"executed_lines": [], "summary": {"covered_lines": 0, "num_statements": 74, "percent_covered": 0.0, "percent_covered_display": "0", "missing_lines": 74, "excluded_lines": 0, "percent_statements_covered": 0.0, "percent_statements_covered_display": "0"}, "missing_lines": [7, 8, 9, 12, 14, 15, 17, 19, 21, 24, 25, 28, 29, 30, 31, 32, 34, 37, 38, 40, 41, 42, 44, 47, 48, 49, 50, 53, 54, 56, 57, 58, 60, 63, 64, 65, 66, 67, 68, 69, 72, 77, 78, 79, 81, 82, 84, 102, 103, 104, 106, 107, 108, 111, 112, 113, 114, 115, 116, 117, 118, 120, 122, 123, 124, 125, 126, 127, 128, 129, 130, 131, 132, 133], "excluded_lines": [], "functions": {"migrate_csv_to_postgres": {"executed_lines": [], "summary": {"covered_lines": 0, "num_statements": 53, "percent_covered": 0.0, "percent_covered_display": "0", "missing_lines": 53, "excluded_lines": 0, "percent_statements_covered": 0.0, "percent_statements_covered_display": "0"}, "missing_lines": [24, 25, 28, 29, 30, 31, 32, 34, 37, 38, 40, 41, 42, 44, 47, 48, 49, 50, 53, 54, 56, 57, 58, 60, 63, 64, 65, 66, 67, 68, 69, 72, 77, 78, 79, 81, 82, 84, 102, 103, 104, 106, 107, 108, 111, 112, 113, 114, 115, 116, 117, 118, 120], "excluded_lines": [], "start_line": 21}, "": {"executed_lines": [], "summary": {"covered_lines": 0, "num_statements": 21, "percent_covered": 0.0, "percent_covered_display": "0", "missing_lines": 21, "excluded_lines": 0, "percent_statements_covered": 0.0, "percent_statements_covered_display": "0"}, "missing_lines": [7, 8, 9, 12, 14, 15, 17, 19, 21, 122, 123, 124, 125, 126, 127, 128, 129, 130, 131, 132, 133], "excluded_lines": [], "start_line": 1}}, "classes": {"": {"executed_lines": [], "summary": {"covered_lines": 0, "num_statements": 74, "percent_covered": 0.0, "percent_covered_display": "0", "missing_lines": 74, "excluded_lines": 0, "percent_statements_covered": 0.0, "percent_statements_covered_display": "0"}, "missing_lines": [7, 8, 9, 12, 14, 15, 17, 19, 21, 24, 25, 28, 29, 30, 31, 32, 34, 37, 38, 40, 41, 42, 44, 47, 48, 49, 50, 53, 54, 56, 57, 58, 60, 63, 64, 65, 66, 67, 68, 69, 72, 77, 78, 79, 81, 82, 84, 102, 103, 104, 106, 107, 108, 111, 112, 113, 114, 115, 116, 117, 118, 120, 122, 123, 124, 125, 126, 127, 128, 129, 130, 131, 132, 133], "excluded_lines": [], "start_line": 1}}}, "scripts/migrate_diario_to_postgres.py": {"executed_lines": [], "summary": {"covered_lines": 0, "num_statements": 99, "percent_covered": 0.0, "percent_covered_display": "0", "missing_lines": 99, "excluded_lines": 0, "percent_statements_covered": 0.0, "percent_statements_covered_display": "0"}, "missing_lines": [7, 8, 9, 10, 12, 13, 14, 15, 16, 17, 18, 20, 24, 25, 26, 27, 28, 29, 30, 31, 33, 34, 37, 38, 39, 40, 42, 43, 46, 47, 48, 49, 50, 51, 52, 55, 56, 57, 58, 59, 61, 62, 63, 64, 65, 66, 67, 68, 69, 72, 73, 75, 76, 77, 78, 80, 81, 82, 83, 86, 89, 90, 93, 94, 95, 98, 100, 113, 116, 117, 125, 126, 128, 129, 132, 133, 134, 135, 138, 146, 147, 148, 149, 150, 151, 152, 154, 155, 156, 157, 159, 160, 162, 163, 164, 165, 166, 168, 169], "excluded_lines": [], "functions": {"migrate_diario_to_postgres": {"executed_lines": [], "summary": {"covered_lines": 0, "num_statements": 85, "percent_covered": 0.0, "percent_covered_display": "0", "missing_lines": 85, "excluded_lines": 0, "percent_statements_covered": 0.0, "percent_statements_covered_display": "0"}, "missing_lines": [24, 25, 26, 27, 28, 29, 30, 31, 33, 34, 37, 38, 39, 40, 42, 43, 46, 47, 48, 49, 50, 51, 52, 55, 56, 57, 58, 59, 61, 62, 63, 64, 65, 66, 67, 68, 69, 72, 73, 75, 76, 77, 78, 80, 81, 82, 83, 86, 89, 90, 93, 94, 95, 98, 100, 113, 116, 117, 125, 126, 128, 129, 132, 133, 134, 135, 138, 146, 147, 148, 149, 150, 151, 152, 154, 155, 156, 157, 159, 160, 162, 163, 164, 165, 166], "excluded_lines": [], "start_line": 20}, "": {"executed_lines": [], "summary": {"covered_lines": 0, "num_statements": 14, "percent_covered": 0.0, "percent_covered_display": "0", "missing_lines": 14, "excluded_lines": 0, "percent_statements_covered": 0.0, "percent_statements_covered_display": "0"}, "missing_lines": [7, 8, 9, 10, 12, 13, 14, 15, 16, 17, 18, 20, 168, 169], "excluded_lines": [], "start_line": 1}}, "classes": {"": {"executed_lines": [], "summary": {"covered_lines": 0, "num_statements": 99, "percent_covered": 0.0, "percent_covered_display": "0", "missing_lines": 99, "excluded_lines": 0, "percent_statements_covered": 0.0, "percent_statements_covered_display": "0"}, "missing_lines": [7, 8, 9, 10, 12, 13, 14, 15, 16, 17, 18, 20, 24, 25, 26, 27, 28, 29, 30, 31, 33, 34, 37, 38, 39, 40, 42, 43, 46, 47, 48, 49, 50, 51, 52, 55, 56, 57, 58, 59, 61, 62, 63, 64, 65, 66, 67, 68, 69, 72, 73, 75, 76, 77, 78, 80, 81, 82, 83, 86, 89, 90, 93, 94, 95, 98, 100, 113, 116, 117, 125, 126, 128, 129, 132, 133, 134, 135, 138, 146, 147, 148, 149, 150, 151, 152, 154, 155, 156, 157, 159, 160, 162, 163, 164, 165, 166, 168, 169], "excluded_lines": [], "start_line": 1}}}, "scripts/modelli_predittivi.py": {"executed_lines": [], "summary": {"covered_lines": 0, "num_statements": 255, "percent_covered": 0.0, "percent_covered_display": "0", "missing_lines": 255, "excluded_lines": 0, "percent_statements_covered": 0.0, "percent_statements_covered_display": "0"}, "missing_lines": [1, 2, 3, 4, 5, 6, 7, 8, 9, 10, 11, 12, 14, 15, 16, 17, 18, 20, 22, 25, 28, 29, 30, 32, 33, 35, 37, 39, 40, 45, 46, 47, 49, 50, 53, 85, 86, 89, 90, 93, 102, 103, 104, 105, 107, 110, 113, 114, 115, 118, 119, 121, 122, 125, 127, 128, 129, 130, 133, 143, 144, 149, 150, 151, 154, 155, 157, 159, 161, 162, 164, 165, 167, 170, 173, 174, 176, 177, 180, 181, 184, 185, 187, 189, 190, 191, 195, 196, 197, 198, 200, 202, 204, 207, 208, 210, 211, 214, 216, 217, 218, 220, 223, 225, 228, 230, 232, 233, 234, 235, 237, 239, 241, 244, 247, 248, 250, 252, 253, 255, 257, 259, 264, 266, 267, 268, 271, 280, 281, 282, 283, 284, 286, 287, 288, 289, 290, 291, 292, 293, 294, 296, 298, 299, 300, 301, 302, 303, 304, 306, 308, 309, 310, 312, 313, 314, 315, 316, 317, 318, 319, 321, 322, 324, 326, 335, 337, 339, 342, 351, 360, 368, 369, 370, 373, 376, 377, 378, 380, 382, 383, 384, 388, 390, 391, 392, 395, 396, 397, 400, 401, 402, 405, 408, 409, 411, 413, 414, 415, 417, 419, 422, 425, 426, 429, 434, 436, 438, 441, 444, 445, 448, 450, 451, 452, 453, 456, 457, 458, 464, 466, 467, 470, 471, 472, 474, 475, 476, 479, 482, 485, 488, 489, 490, 491, 494, 497, 498, 499, 505, 506, 507, 508, 509, 510, 511, 512, 513, 514, 516, 518, 519, 520, 521, 523], "excluded_lines": [], "functions": {"PronosticiCalculator.__init__": {"executed_lines": [], "summary": {"covered_lines": 0, "num_statements": 3, "percent_covered": 0.0, "percent_covered_display": "0", "missing_lines": 3, "excluded_lines": 0, "percent_statements_covered": 0.0, "percent_statements_covered_display": "0"}, "missing_lines": [16, 17, 18], "excluded_lines": [], "start_line": 15}, "PronosticiCalculator.prepara_dati": {"executed_lines": [], "summary": {"covered_lines": 0, "num_statements": 8, "percent_covered": 0.0, "percent_covered_display": "0", "missing_lines": 8, "excluded_lines": 0, "percent_statements_covered": 0.0, "percent_statements_covered_display": "0"}, "missing_lines": [22, 25, 28, 29, 30, 32, 33, 35], "excluded_lines": [], "start_line": 20}, "PronosticiCalculator.train_models": {"executed_lines": [], "summary": {"covered_lines": 0, "num_statements": 40, "percent_covered": 0.0, "percent_covered_display": "0", "missing_lines": 40, "excluded_lines": 0, "percent_statements_covered": 0.0, "percent_statements_covered_display": "0"}, "missing_lines": [39, 40, 45, 46, 47, 49, 50, 53, 85, 86, 89, 90, 93, 102, 103, 104, 105, 107, 110, 113, 114, 115, 118, 119, 121, 122, 125, 127, 128, 129, 130, 133, 143, 144, 149, 150, 151, 154, 155, 157], "excluded_lines": [], "start_line": 37}, "PronosticiCalculator.ensemble_prediction": {"executed_lines": [], "summary": {"covered_lines": 0, "num_statements": 23, "percent_covered": 0.0, "percent_covered_display": "0", "missing_lines": 23, "excluded_lines": 0, "percent_statements_covered": 0.0, "percent_statements_covered_display": "0"}, "missing_lines": [161, 162, 164, 165, 167, 170, 173, 174, 176, 177, 180, 181, 184, 185, 187, 189, 190, 191, 195, 196, 197, 198, 200], "excluded_lines": [], "start_line": 159}, "PronosticiCalculator.predici_partita": {"executed_lines": [], "summary": {"covered_lines": 0, "num_statements": 28, "percent_covered": 0.0, "percent_covered_display": "0", "missing_lines": 28, "excluded_lines": 0, "percent_statements_covered": 0.0, "percent_statements_covered_display": "0"}, "missing_lines": [204, 207, 208, 210, 211, 214, 216, 217, 218, 220, 223, 225, 228, 230, 232, 233, 234, 235, 237, 239, 241, 244, 247, 248, 250, 252, 253, 255], "excluded_lines": [], "start_line": 202}, "PronosticiCalculator._get_team_recent_stats": {"executed_lines": [], "summary": {"covered_lines": 0, "num_statements": 42, "percent_covered": 0.0, "percent_covered_display": "0", "missing_lines": 42, "excluded_lines": 0, "percent_statements_covered": 0.0, "percent_statements_covered_display": "0"}, "missing_lines": [259, 264, 266, 267, 268, 271, 280, 281, 282, 283, 284, 286, 287, 288, 289, 290, 291, 292, 293, 294, 296, 298, 299, 300, 301, 302, 303, 304, 306, 308, 309, 310, 312, 313, 314, 315, 316, 317, 318, 319, 321, 322], "excluded_lines": [], "start_line": 257}, "PronosticiCalculator._default_stats": {"executed_lines": [], "summary": {"covered_lines": 0, "num_statements": 1, "percent_covered": 0.0, "percent_covered_display": "0", "missing_lines": 1, "excluded_lines": 0, "percent_statements_covered": 0.0, "percent_statements_covered_display": "0"}, "missing_lines": [326], "excluded_lines": [], "start_line": 324}, "PronosticiCalculator._create_match_features": {"executed_lines": [], "summary": {"covered_lines": 0, "num_statements": 16, "percent_covered": 0.0, "percent_covered_display": "0", "missing_lines": 16, "excluded_lines": 0, "percent_statements_covered": 0.0, "percent_statements_covered_display": "0"}, "missing_lines": [337, 339, 342, 351, 360, 368, 369, 370, 373, 376, 377, 378, 380, 382, 383, 384], "excluded_lines": [], "start_line": 335}, "PronosticiCalculator.predici_partita_con_features": {"executed_lines": [], "summary": {"covered_lines": 0, "num_statements": 16, "percent_covered": 0.0, "percent_covered_display": "0", "missing_lines": 16, "excluded_lines": 0, "percent_statements_covered": 0.0, "percent_statements_covered_display": "0"}, "missing_lines": [390, 391, 392, 395, 396, 397, 400, 401, 402, 405, 408, 409, 411, 413, 414, 415], "excluded_lines": [], "start_line": 388}, "PronosticiCalculator.salva_modelli": {"executed_lines": [], "summary": {"covered_lines": 0, "num_statements": 7, "percent_covered": 0.0, "percent_covered_display": "0", "missing_lines": 7, "excluded_lines": 0, "percent_statements_covered": 0.0, "percent_statements_covered_display": "0"}, "missing_lines": [419, 422, 425, 426, 429, 434, 436], "excluded_lines": [], "start_line": 417}, "PronosticiCalculator.carica_modelli": {"executed_lines": [], "summary": {"covered_lines": 0, "num_statements": 12, "percent_covered": 0.0, "percent_covered_display": "0", "missing_lines": 12, "excluded_lines": 0, "percent_statements_covered": 0.0, "percent_statements_covered_display": "0"}, "missing_lines": [441, 444, 445, 448, 450, 451, 452, 453, 456, 457, 458, 464], "excluded_lines": [], "start_line": 438}, "main": {"executed_lines": [], "summary": {"covered_lines": 0, "num_statements": 29, "percent_covered": 0.0, "percent_covered_display": "0", "missing_lines": 29, "excluded_lines": 0, "percent_statements_covered": 0.0, "percent_statements_covered_display": "0"}, "missing_lines": [467, 470, 471, 472, 474, 475, 476, 479, 482, 485, 488, 489, 490, 491, 494, 497, 498, 499, 505, 506, 507, 508, 509, 510, 511, 512, 513, 514, 516], "excluded_lines": [], "start_line": 466}, "": {"executed_lines": [], "summary": {"covered_lines": 0, "num_statements": 30, "percent_covered": 0.0, "percent_covered_display": "0", "missing_lines": 30, "excluded_lines": 0, "percent_statements_covered": 0.0, "percent_statements_covered_display": "0"}, "missing_lines": [1, 2, 3, 4, 5, 6, 7, 8, 9, 10, 11, 12, 14, 15, 20, 37, 159, 202, 257, 324, 335, 388, 417, 438, 466, 518, 519, 520, 521, 523], "excluded_lines": [], "start_line": 1}}, "classes": {"PronosticiCalculator": {"executed_lines": [], "summary": {"covered_lines": 0, "num_statements": 196, "percent_covered": 0.0, "percent_covered_display": "0", "missing_lines": 196, "excluded_lines": 0, "percent_statements_covered": 0.0, "percent_statements_covered_display": "0"}, "missing_lines": [16, 17, 18, 22, 25, 28, 29, 30, 32, 33, 35, 39, 40, 45, 46, 47, 49, 50, 53, 85, 86, 89, 90, 93, 102, 103, 104, 105, 107, 110, 113, 114, 115, 118, 119, 121, 122, 125, 127, 128, 129, 130, 133, 143, 144, 149, 150, 151, 154, 155, 157, 161, 162, 164, 165, 167, 170, 173, 174, 176, 177, 180, 181, 184, 185, 187, 189, 190, 191, 195, 196, 197, 198, 200, 204, 207, 208, 210, 211, 214, 216, 217, 218, 220, 223, 225, 228, 230, 232, 233, 234, 235, 237, 239, 241, 244, 247, 248, 250, 252, 253, 255, 259, 264, 266, 267, 268, 271, 280, 281, 282, 283, 284, 286, 287, 288, 289, 290, 291, 292, 293, 294, 296, 298, 299, 300, 301, 302, 303, 304, 306, 308, 309, 310, 312, 313, 314, 315, 316, 317, 318, 319, 321, 322, 326, 337, 339, 342, 351, 360, 368, 369, 370, 373, 376, 377, 378, 380, 382, 383, 384, 390, 391, 392, 395, 396, 397, 400, 401, 402, 405, 408, 409, 411, 413, 414, 415, 419, 422, 425, 426, 429, 434, 436, 441, 444, 445, 448, 450, 451, 452, 453, 456, 457, 458, 464], "excluded_lines": [], "start_line": 14}, "": {"executed_lines": [], "summary": {"covered_lines": 0, "num_statements": 59, "percent_covered": 0.0, "percent_covered_display": "0", "missing_lines": 59, "excluded_lines": 0, "percent_statements_covered": 0.0, "percent_statements_covered_display": "0"}, "missing_lines": [1, 2, 3, 4, 5, 6, 7, 8, 9, 10, 11, 12, 14, 15, 20, 37, 159, 202, 257, 324, 335, 388, 417, 438, 466, 467, 470, 471, 472, 474, 475, 476, 479, 482, 485, 488, 489, 490, 491, 494, 497, 498, 499, 505, 506, 507, 508, 509, 510, 511, 512, 513, 514, 516, 518, 519, 520, 521, 523], "excluded_lines": [], "start_line": 1}}}, "scripts/optimize_models_v2_fast.py": {"executed_lines": [], "summary": {"covered_lines": 0, "num_statements": 184, "percent_covered": 0.0, "percent_covered_display": "0", "missing_lines": 184, "excluded_lines": 0, "percent_statements_covered": 0.0, "percent_statements_covered_display": "0"}, "missing_lines": [7, 8, 9, 10, 11, 12, 13, 14, 15, 16, 17, 18, 20, 21, 22, 23, 24, 25, 28, 29, 30, 31, 34, 37, 38, 40, 41, 43, 48, 49, 50, 53, 56, 59, 60, 61, 62, 65, 66, 67, 68, 71, 78, 81, 83, 90, 91, 100, 101, 102, 103, 105, 106, 107, 108, 109, 112, 114, 121, 122, 131, 132, 133, 134, 136, 137, 138, 139, 142, 144, 151, 152, 161, 162, 163, 164, 166, 167, 168, 169, 172, 173, 182, 183, 185, 186, 189, 192, 193, 194, 196, 197, 198, 199, 200, 201, 203, 204, 205, 206, 207, 208, 209, 210, 211, 213, 214, 215, 217, 218, 219, 220, 223, 230, 232, 233, 234, 236, 237, 240, 241, 242, 243, 244, 245, 246, 249, 250, 252, 253, 254, 255, 256, 257, 258, 259, 260, 261, 262, 263, 265, 266, 267, 268, 269, 270, 271, 272, 273, 276, 278, 279, 280, 281, 282, 283, 284, 285, 286, 287, 288, 289, 291, 294, 314, 315, 316, 318, 320, 321, 323, 324, 325, 326, 327, 328, 329, 331, 332, 333, 334, 335, 337, 338], "excluded_lines": [], "functions": {"main": {"executed_lines": [], "summary": {"covered_lines": 0, "num_statements": 169, "percent_covered": 0.0, "percent_covered_display": "0", "missing_lines": 169, "excluded_lines": 0, "percent_statements_covered": 0.0, "percent_statements_covered_display": "0"}, "missing_lines": [21, 22, 23, 24, 25, 28, 29, 30, 31, 34, 37, 38, 40, 41, 43, 48, 49, 50, 53, 56, 59, 60, 61, 62, 65, 66, 67, 68, 71, 78, 81, 83, 90, 91, 100, 101, 102, 103, 105, 106, 107, 108, 109, 112, 114, 121, 122, 131, 132, 133, 134, 136, 137, 138, 139, 142, 144, 151, 152, 161, 162, 163, 164, 166, 167, 168, 169, 172, 173, 182, 183, 185, 186, 189, 192, 193, 194, 196, 197, 198, 199, 200, 201, 203, 204, 205, 206, 207, 208, 209, 210, 211, 213, 214, 215, 217, 218, 219, 220, 223, 230, 232, 233, 234, 236, 237, 240, 241, 242, 243, 244, 245, 246, 249, 250, 252, 253, 254, 255, 256, 257, 258, 259, 260, 261, 262, 263, 265, 266, 267, 268, 269, 270, 271, 272, 273, 276, 278, 279, 280, 281, 282, 283, 284, 285, 286, 287, 288, 289, 291, 294, 314, 315, 316, 318, 320, 321, 323, 324, 325, 326, 327, 328, 329, 331, 332, 333, 334, 335], "excluded_lines": [], "start_line": 20}, "": {"executed_lines": [], "summary": {"covered_lines": 0, "num_statements": 15, "percent_covered": 0.0, "percent_covered_display": "0", "missing_lines": 15, "excluded_lines": 0, "percent_statements_covered": 0.0, "percent_statements_covered_display": "0"}, "missing_lines": [7, 8, 9, 10, 11, 12, 13, 14, 15, 16, 17, 18, 20, 337, 338], "excluded_lines": [], "start_line": 1}}, "classes": {"": {"executed_lines": [], "summary": {"covered_lines": 0, "num_statements": 184, "percent_covered": 0.0, "percent_covered_display": "0", "missing_lines": 184, "excluded_lines": 0, "percent_statements_covered": 0.0, "percent_statements_covered_display": "0"}, "missing_lines": [7, 8, 9, 10, 11, 12, 13, 14, 15, 16, 17, 18, 20, 21, 22, 23, 24, 25, 28, 29, 30, 31, 34, 37, 38, 40, 41, 43, 48, 49, 50, 53, 56, 59, 60, 61, 62, 65, 66, 67, 68, 71, 78, 81, 83, 90, 91, 100, 101, 102, 103, 105, 106, 107, 108, 109, 112, 114, 121, 122, 131, 132, 133, 134, 136, 137, 138, 139, 142, 144, 151, 152, 161, 162, 163, 164, 166, 167, 168, 169, 172, 173, 182, 183, 185, 186, 189, 192, 193, 194, 196, 197, 198, 199, 200, 201, 203, 204, 205, 206, 207, 208, 209, 210, 211, 213, 214, 215, 217, 218, 219, 220, 223, 230, 232, 233, 234, 236, 237, 240, 241, 242, 243, 244, 245, 246, 249, 250, 252, 253, 254, 255, 256, 257, 258, 259, 260, 261, 262, 263, 265, 266, 267, 268, 269, 270, 271, 272, 273, 276, 278, 279, 280, 281, 282, 283, 284, 285, 286, 287, 288, 289, 291, 294, 314, 315, 316, 318, 320, 321, 323, 324, 325, 326, 327, 328, 329, 331, 332, 333, 334, 335, 337, 338], "excluded_lines": [], "start_line": 1}}}, "scripts/preflight_check.py": {"executed_lines": [], "summary": {"covered_lines": 0, "num_statements": 81, "percent_covered": 0.0, "percent_covered_display": "0", "missing_lines": 81, "excluded_lines": 0, "percent_statements_covered": 0.0, "percent_statements_covered_display": "0"}, "missing_lines": [7, 8, 9, 10, 12, 13, 14, 15, 18, 19, 20, 21, 22, 23, 24, 25, 28, 29, 31, 32, 33, 36, 37, 38, 41, 42, 43, 45, 46, 47, 48, 51, 52, 53, 55, 56, 57, 58, 59, 60, 61, 62, 63, 64, 66, 67, 68, 71, 72, 73, 74, 75, 76, 77, 79, 80, 81, 82, 83, 84, 86, 87, 88, 89, 90, 91, 94, 95, 96, 97, 98, 99, 100, 102, 103, 104, 105, 107, 108, 109, 110], "excluded_lines": [], "functions": {"": {"executed_lines": [], "summary": {"covered_lines": 0, "num_statements": 81, "percent_covered": 0.0, "percent_covered_display": "0", "missing_lines": 81, "excluded_lines": 0, "percent_statements_covered": 0.0, "percent_statements_covered_display": "0"}, "missing_lines": [7, 8, 9, 10, 12, 13, 14, 15, 18, 19, 20, 21, 22, 23, 24, 25, 28, 29, 31, 32, 33, 36, 37, 38, 41, 42, 43, 45, 46, 47, 48, 51, 52, 53, 55, 56, 57, 58, 59, 60, 61, 62, 63, 64, 66, 67, 68, 71, 72, 73, 74, 75, 76, 77, 79, 80, 81, 82, 83, 84, 86, 87, 88, 89, 90, 91, 94, 95, 96, 97, 98, 99, 100, 102, 103, 104, 105, 107, 108, 109, 110], "excluded_lines": [], "start_line": 1}}, "classes": {"": {"executed_lines": [], "summary": {"covered_lines": 0, "num_statements": 81, "percent_covered": 0.0, "percent_covered_display": "0", "missing_lines": 81, "excluded_lines": 0, "percent_statements_covered": 0.0, "percent_statements_covered_display": "0"}, "missing_lines": [7, 8, 9, 10, 12, 13, 14, 15, 18, 19, 20, 21, 22, 23, 24, 25, 28, 29, 31, 32, 33, 36, 37, 38, 41, 42, 43, 45, 46, 47, 48, 51, 52, 53, 55, 56, 57, 58, 59, 60, 61, 62, 63, 64, 66, 67, 68, 71, 72, 73, 74, 75, 76, 77, 79, 80, 81, 82, 83, 84, 86, 87, 88, 89, 90, 91, 94, 95, 96, 97, 98, 99, 100, 102, 103, 104, 105, 107, 108, 109, 110], "excluded_lines": [], "start_line": 1}}}, "scripts/test_ml_simple.py": {"executed_lines": [], "summary": {"covered_lines": 0, "num_statements": 64, "percent_covered": 0.0, "percent_covered_display": "0", "missing_lines": 64, "excluded_lines": 0, "percent_statements_covered": 0.0, "percent_statements_covered_display": "0"}, "missing_lines": [5, 6, 7, 8, 9, 12, 15, 16, 17, 18, 19, 22, 24, 25, 27, 30, 31, 33, 34, 37, 38, 39, 42, 43, 44, 45, 48, 49, 52, 53, 55, 61, 64, 73, 74, 75, 77, 78, 80, 82, 83, 84, 85, 87, 88, 90, 91, 92, 93, 94, 96, 97, 99, 100, 102, 103, 104, 105, 107, 108, 109, 110, 112, 114], "excluded_lines": [], "functions": {"predict_match": {"executed_lines": [], "summary": {"covered_lines": 0, "num_statements": 17, "percent_covered": 0.0, "percent_covered_display": "0", "missing_lines": 17, "excluded_lines": 0, "percent_statements_covered": 0.0, "percent_statements_covered_display": "0"}, "missing_lines": [30, 31, 33, 34, 37, 38, 39, 42, 43, 44, 45, 48, 49, 52, 53, 55, 61], "excluded_lines": [], "start_line": 27}, "": {"executed_lines": [], "summary": {"covered_lines": 0, "num_statements": 47, "percent_covered": 0.0, "percent_covered_display": "0", "missing_lines": 47, "excluded_lines": 0, "percent_statements_covered": 0.0, "percent_statements_covered_display": "0"}, "missing_lines": [5, 6, 7, 8, 9, 12, 15, 16, 17, 18, 19, 22, 24, 25, 27, 64, 73, 74, 75, 77, 78, 80, 82, 83, 84, 85, 87, 88, 90, 91, 92, 93, 94, 96, 97, 99, 100, 102, 103, 104, 105, 107, 108, 109, 110, 112, 114], "excluded_lines": [], "start_line": 1}}, "classes": {"": {"executed_lines": [], "summary": {"covered_lines": 0, "num_statements": 64, "percent_covered": 0.0, "percent_covered_display": "0", "missing_lines": 64, "excluded_lines": 0, "percent_statements_covered": 0.0, "percent_statements_covered_display": "0"}, "missing_lines": [5, 6, 7, 8, 9, 12, 15, 16, 17, 18, 19, 22, 24, 25, 27, 30, 31, 33, 34, 37, 38, 39, 42, 43, 44, 45, 48, 49, 52, 53, 55, 61, 64, 73, 74, 75, 77, 78, 80, 82, 83, 84, 85, 87, 88, 90, 91, 92, 93, 94, 96, 97, 99, 100, 102, 103, 104, 105, 107, 108, 109, 110, 112, 114], "excluded_lines": [], "start_line": 1}}}, "scripts/track_live_accuracy.py": {"executed_lines": [], "summary": {"covered_lines": 0, "num_statements": 144, "percent_covered": 0.0, "percent_covered_display": "0", "missing_lines": 144, "excluded_lines": 0, "percent_statements_covered": 0.0, "percent_statements_covered_display": "0"}, "missing_lines": [7, 8, 9, 11, 13, 15, 16, 17, 18, 19, 20, 22, 33, 36, 38, 39, 40, 42, 43, 46, 47, 48, 49, 51, 52, 53, 56, 57, 58, 61, 62, 64, 67, 68, 69, 70, 72, 74, 75, 76, 78, 81, 82, 83, 85, 87, 88, 89, 91, 94, 95, 96, 99, 100, 101, 102, 103, 104, 106, 108, 111, 113, 114, 115, 117, 118, 119, 120, 123, 124, 125, 126, 127, 129, 130, 131, 132, 133, 134, 137, 138, 139, 141, 142, 143, 144, 145, 146, 147, 148, 150, 152, 155, 156, 157, 159, 165, 166, 167, 168, 169, 171, 173, 176, 177, 178, 179, 181, 183, 184, 186, 188, 189, 191, 192, 193, 195, 196, 198, 200, 201, 203, 206, 207, 208, 210, 211, 213, 214, 216, 217, 218, 219, 220, 222, 224, 225, 226, 227, 229, 231, 232, 234, 235], "excluded_lines": [], "functions": {"load_tracking": {"executed_lines": [], "summary": {"covered_lines": 0, "num_statements": 6, "percent_covered": 0.0, "percent_covered_display": "0", "missing_lines": 6, "excluded_lines": 0, "percent_statements_covered": 0.0, "percent_statements_covered_display": "0"}, "missing_lines": [15, 16, 17, 18, 19, 20], "excluded_lines": [], "start_line": 13}, "add_result": {"executed_lines": [], "summary": {"covered_lines": 0, "num_statements": 46, "percent_covered": 0.0, "percent_covered_display": "0", "missing_lines": 46, "excluded_lines": 0, "percent_statements_covered": 0.0, "percent_statements_covered_display": "0"}, "missing_lines": [33, 36, 38, 39, 40, 42, 43, 46, 47, 48, 49, 51, 52, 53, 56, 57, 58, 61, 62, 64, 67, 68, 69, 70, 72, 74, 75, 76, 78, 81, 82, 83, 85, 87, 88, 89, 91, 94, 95, 96, 99, 100, 101, 102, 103, 104], "excluded_lines": [], "start_line": 22}, "show_stats": {"executed_lines": [], "summary": {"covered_lines": 0, "num_statements": 51, "percent_covered": 0.0, "percent_covered_display": "0", "missing_lines": 51, "excluded_lines": 0, "percent_statements_covered": 0.0, "percent_statements_covered_display": "0"}, "missing_lines": [108, 111, 113, 114, 115, 117, 118, 119, 120, 123, 124, 125, 126, 127, 129, 130, 131, 132, 133, 134, 137, 138, 139, 141, 142, 143, 144, 145, 146, 147, 148, 150, 152, 155, 156, 157, 159, 165, 166, 167, 168, 169, 171, 173, 176, 177, 178, 179, 181, 183, 184], "excluded_lines": [], "start_line": 106}, "show_pending": {"executed_lines": [], "summary": {"covered_lines": 0, "num_statements": 14, "percent_covered": 0.0, "percent_covered_display": "0", "missing_lines": 14, "excluded_lines": 0, "percent_statements_covered": 0.0, "percent_statements_covered_display": "0"}, "missing_lines": [188, 189, 191, 192, 193, 195, 196, 198, 200, 201, 203, 206, 207, 208], "excluded_lines": [], "start_line": 186}, "": {"executed_lines": [], "summary": {"covered_lines": 0, "num_statements": 27, "percent_covered": 0.0, "percent_covered_display": "0", "missing_lines": 27, "excluded_lines": 0, "percent_statements_covered": 0.0, "percent_statements_covered_display": "0"}, "missing_lines": [7, 8, 9, 11, 13, 22, 106, 186, 210, 211, 213, 214, 216, 217, 218, 219, 220, 222, 224, 225, 226, 227, 229, 231, 232, 234, 235], "excluded_lines": [], "start_line": 1}}, "classes": {"": {"executed_lines": [], "summary": {"covered_lines": 0, "num_statements": 144, "percent_covered": 0.0, "percent_covered_display": "0", "missing_lines": 144, "excluded_lines": 0, "percent_statements_covered": 0.0, "percent_statements_covered_display": "0"}, "missing_lines": [7, 8, 9, 11, 13, 15, 16, 17, 18, 19, 20, 22, 33, 36, 38, 39, 40, 42, 43, 46, 47, 48, 49, 51, 52, 53, 56, 57, 58, 61, 62, 64, 67, 68, 69, 70, 72, 74, 75, 76, 78, 81, 82, 83, 85, 87, 88, 89, 91, 94, 95, 96, 99, 100, 101, 102, 103, 104, 106, 108, 111, 113, 114, 115, 117, 118, 119, 120, 123, 124, 125, 126, 127, 129, 130, 131, 132, 133, 134, 137, 138, 139, 141, 142, 143, 144, 145, 146, 147, 148, 150, 152, 155, 156, 157, 159, 165, 166, 167, 168, 169, 171, 173, 176, 177, 178, 179, 181, 183, 184, 186, 188, 189, 191, 192, 193, 195, 196, 198, 200, 201, 203, 206, 207, 208, 210, 211, 213, 214, 216, 217, 218, 219, 220, 222, 224, 225, 226, 227, 229, 231, 232, 234, 235], "excluded_lines": [], "start_line": 1}}}, "scripts/update_betting_results_feb2026.py": {"executed_lines": [], "summary": {"covered_lines": 0, "num_statements": 67, "percent_covered": 0.0, "percent_covered_display": "0", "missing_lines": 67, "excluded_lines": 0, "percent_statements_covered": 0.0, "percent_statements_covered_display": "0"}, "missing_lines": [6, 7, 10, 38, 42, 43, 44, 45, 48, 49, 50, 51, 54, 55, 56, 57, 60, 61, 62, 64, 65, 66, 69, 70, 71, 72, 74, 77, 79, 81, 82, 84, 85, 87, 88, 89, 90, 91, 94, 95, 98, 101, 102, 104, 105, 106, 107, 108, 110, 111, 114, 116, 117, 118, 119, 122, 123, 124, 125, 126, 127, 129, 130, 131, 132, 133, 134], "excluded_lines": [], "functions": {"evaluate_bet": {"executed_lines": [], "summary": {"covered_lines": 0, "num_statements": 23, "percent_covered": 0.0, "percent_covered_display": "0", "missing_lines": 23, "excluded_lines": 0, "percent_statements_covered": 0.0, "percent_statements_covered_display": "0"}, "missing_lines": [42, 43, 44, 45, 48, 49, 50, 51, 54, 55, 56, 57, 60, 61, 62, 64, 65, 66, 69, 70, 71, 72, 74], "excluded_lines": [], "start_line": 38}, "": {"executed_lines": [], "summary": {"covered_lines": 0, "num_statements": 44, "percent_covered": 0.0, "percent_covered_display": "0", "missing_lines": 44, "excluded_lines": 0, "percent_statements_covered": 0.0, "percent_statements_covered_display": "0"}, "missing_lines": [6, 7, 10, 38, 77, 79, 81, 82, 84, 85, 87, 88, 89, 90, 91, 94, 95, 98, 101, 102, 104, 105, 106, 107, 108, 110, 111, 114, 116, 117, 118, 119, 122, 123, 124, 125, 126, 127, 129, 130, 131, 132, 133, 134], "excluded_lines": [], "start_line": 1}}, "classes": {"": {"executed_lines": [], "summary": {"covered_lines": 0, "num_statements": 67, "percent_covered": 0.0, "percent_covered_display": "0", "missing_lines": 67, "excluded_lines": 0, "percent_statements_covered": 0.0, "percent_statements_covered_display": "0"}, "missing_lines": [6, 7, 10, 38, 42, 43, 44, 45, 48, 49, 50, 51, 54, 55, 56, 57, 60, 61, 62, 64, 65, 66, 69, 70, 71, 72, 74, 77, 79, 81, 82, 84, 85, 87, 88, 89, 90, 91, 94, 95, 98, 101, 102, 104, 105, 106, 107, 108, 110, 111, 114, 116, 117, 118, 119, 122, 123, 124, 125, 126, 127, 129, 130, 131, 132, 133, 134], "excluded_lines": [], "start_line": 1}}}, "scripts/update_dataset_and_reload.py": {"executed_lines": [], "summary": {"covered_lines": 0, "num_statements": 110, "percent_covered": 0.0, "percent_covered_display": "0", "missing_lines": 110, "excluded_lines": 0, "percent_statements_covered": 0.0, "percent_statements_covered_display": "0"}, "missing_lines": [23, 24, 25, 26, 27, 28, 29, 32, 33, 35, 37, 38, 39, 41, 43, 44, 46, 47, 54, 56, 57, 58, 59, 60, 62, 63, 64, 66, 67, 68, 69, 70, 71, 73, 75, 77, 78, 79, 81, 82, 83, 84, 85, 86, 87, 89, 90, 91, 93, 94, 95, 96, 97, 98, 100, 102, 104, 105, 108, 109, 110, 111, 113, 114, 115, 117, 118, 119, 122, 123, 124, 126, 127, 129, 131, 132, 133, 135, 136, 137, 139, 141, 143, 146, 151, 152, 153, 156, 159, 164, 165, 168, 169, 170, 173, 174, 176, 178, 179, 180, 181, 184, 185, 187, 188, 190, 192, 194, 196, 197], "excluded_lines": [], "functions": {"print_header": {"executed_lines": [], "summary": {"covered_lines": 0, "num_statements": 3, "percent_covered": 0.0, "percent_covered_display": "0", "missing_lines": 3, "excluded_lines": 0, "percent_statements_covered": 0.0, "percent_statements_covered_display": "0"}, "missing_lines": [37, 38, 39], "excluded_lines": [], "start_line": 35}, "run_script": {"executed_lines": [], "summary": {"covered_lines": 0, "num_statements": 19, "percent_covered": 0.0, "percent_covered_display": "0", "missing_lines": 19, "excluded_lines": 0, "percent_statements_covered": 0.0, "percent_statements_covered_display": "0"}, "missing_lines": [43, 44, 46, 47, 54, 56, 57, 58, 59, 60, 62, 63, 64, 66, 67, 68, 69, 70, 71], "excluded_lines": [], "start_line": 41}, "trigger_render_reload": {"executed_lines": [], "summary": {"covered_lines": 0, "num_statements": 20, "percent_covered": 0.0, "percent_covered_display": "0", "missing_lines": 20, "excluded_lines": 0, "percent_statements_covered": 0.0, "percent_statements_covered_display": "0"}, "missing_lines": [75, 77, 78, 79, 81, 82, 83, 84, 85, 86, 87, 89, 90, 91, 93, 94, 95, 96, 97, 98], "excluded_lines": [], "start_line": 73}, "verify_dataset_updated": {"executed_lines": [], "summary": {"covered_lines": 0, "num_statements": 22, "percent_covered": 0.0, "percent_covered_display": "0", "missing_lines": 22, "excluded_lines": 0, "percent_statements_covered": 0.0, "percent_statements_covered_display": "0"}, "missing_lines": [102, 104, 105, 108, 109, 110, 111, 113, 114, 115, 117, 118, 119, 122, 123, 124, 126, 127, 129, 131, 132, 133], "excluded_lines": [], "start_line": 100}, "main": {"executed_lines": [], "summary": {"covered_lines": 0, "num_statements": 30, "percent_covered": 0.0, "percent_covered_display": "0", "missing_lines": 30, "excluded_lines": 0, "percent_statements_covered": 0.0, "percent_statements_covered_display": "0"}, "missing_lines": [136, 137, 139, 141, 143, 146, 151, 152, 153, 156, 159, 164, 165, 168, 169, 170, 173, 174, 176, 178, 179, 180, 181, 184, 185, 187, 188, 190, 192, 194], "excluded_lines": [], "start_line": 135}, "": {"executed_lines": [], "summary": {"covered_lines": 0, "num_statements": 16, "percent_covered": 0.0, "percent_covered_display": "0", "missing_lines": 16, "excluded_lines": 0, "percent_statements_covered": 0.0, "percent_statements_covered_display": "0"}, "missing_lines": [23, 24, 25, 26, 27, 28, 29, 32, 33, 35, 41, 73, 100, 135, 196, 197], "excluded_lines": [], "start_line": 1}}, "classes": {"": {"executed_lines": [], "summary": {"covered_lines": 0, "num_statements": 110, "percent_covered": 0.0, "percent_covered_display": "0", "missing_lines": 110, "excluded_lines": 0, "percent_statements_covered": 0.0, "percent_statements_covered_display": "0"}, "missing_lines": [23, 24, 25, 26, 27, 28, 29, 32, 33, 35, 37, 38, 39, 41, 43, 44, 46, 47, 54, 56, 57, 58, 59, 60, 62, 63, 64, 66, 67, 68, 69, 70, 71, 73, 75, 77, 78, 79, 81, 82, 83, 84, 85, 86, 87, 89, 90, 91, 93, 94, 95, 96, 97, 98, 100, 102, 104, 105, 108, 109, 110, 111, 113, 114, 115, 117, 118, 119, 122, 123, 124, 126, 127, 129, 131, 132, 133, 135, 136, 137, 139, 141, 143, 146, 151, 152, 153, 156, 159, 164, 165, 168, 169, 170, 173, 174, 176, 178, 179, 180, 181, 184, 185, 187, 188, 190, 192, 194, 196, 197], "excluded_lines": [], "start_line": 1}}}, "scripts/value_betting_advanced.py": {"executed_lines": [], "summary": {"covered_lines": 0, "num_statements": 144, "percent_covered": 0.0, "percent_covered_display": "0", "missing_lines": 144, "excluded_lines": 0, "percent_statements_covered": 0.0, "percent_statements_covered_display": "0"}, "missing_lines": [10, 11, 12, 13, 14, 15, 17, 18, 20, 21, 22, 23, 24, 25, 27, 29, 30, 32, 33, 35, 36, 37, 38, 39, 40, 41, 42, 43, 44, 45, 48, 49, 50, 51, 57, 68, 76, 78, 89, 90, 92, 93, 95, 97, 99, 105, 107, 109, 111, 118, 119, 120, 122, 124, 129, 130, 132, 137, 150, 151, 153, 154, 155, 157, 158, 161, 162, 164, 165, 167, 168, 170, 171, 173, 174, 176, 177, 178, 181, 183, 190, 199, 201, 219, 222, 224, 225, 228, 229, 232, 235, 237, 238, 241, 247, 248, 249, 250, 251, 252, 255, 256, 257, 258, 259, 262, 275, 281, 282, 283, 284, 291, 295, 296, 298, 301, 304, 306, 307, 308, 311, 314, 315, 317, 320, 329, 330, 331, 332, 333, 334, 335, 336, 337, 338, 339, 341, 343, 344, 345, 346, 347, 348, 349], "excluded_lines": [], "functions": {"BookmakerOdds.__post_init__": {"executed_lines": [], "summary": {"covered_lines": 0, "num_statements": 2, "percent_covered": 0.0, "percent_covered_display": "0", "missing_lines": 2, "excluded_lines": 0, "percent_statements_covered": 0.0, "percent_statements_covered_display": "0"}, "missing_lines": [29, 30], "excluded_lines": [], "start_line": 27}, "ValueBettingSystem.__init__": {"executed_lines": [], "summary": {"covered_lines": 0, "num_statements": 2, "percent_covered": 0.0, "percent_covered_display": "0", "missing_lines": 2, "excluded_lines": 0, "percent_statements_covered": 0.0, "percent_statements_covered_display": "0"}, "missing_lines": [50, 51], "excluded_lines": [], "start_line": 49}, "ValueBettingSystem.get_multi_bookmaker_odds": {"executed_lines": [], "summary": {"covered_lines": 0, "num_statements": 2, "percent_covered": 0.0, "percent_covered_display": "0", "missing_lines": 2, "excluded_lines": 0, "percent_statements_covered": 0.0, "percent_statements_covered_display": "0"}, "missing_lines": [68, 76], "excluded_lines": [], "start_line": 57}, "ValueBettingSystem.find_best_odds": {"executed_lines": [], "summary": {"covered_lines": 0, "num_statements": 4, "percent_covered": 0.0, "percent_covered_display": "0", "missing_lines": 4, "excluded_lines": 0, "percent_statements_covered": 0.0, "percent_statements_covered_display": "0"}, "missing_lines": [89, 90, 92, 93], "excluded_lines": [], "start_line": 78}, "ValueBettingSystem.calculate_implied_probability": {"executed_lines": [], "summary": {"covered_lines": 0, "num_statements": 1, "percent_covered": 0.0, "percent_covered_display": "0", "missing_lines": 1, "excluded_lines": 0, "percent_statements_covered": 0.0, "percent_statements_covered_display": "0"}, "missing_lines": [97], "excluded_lines": [], "start_line": 95}, "ValueBettingSystem.calculate_true_odds": {"executed_lines": [], "summary": {"covered_lines": 0, "num_statements": 8, "percent_covered": 0.0, "percent_covered_display": "0", "missing_lines": 8, "excluded_lines": 0, "percent_statements_covered": 0.0, "percent_statements_covered_display": "0"}, "missing_lines": [105, 107, 109, 111, 118, 119, 120, 122], "excluded_lines": [], "start_line": 99}, "ValueBettingSystem.track_odds_movement": {"executed_lines": [], "summary": {"covered_lines": 0, "num_statements": 3, "percent_covered": 0.0, "percent_covered_display": "0", "missing_lines": 3, "excluded_lines": 0, "percent_statements_covered": 0.0, "percent_statements_covered_display": "0"}, "missing_lines": [129, 130, 132], "excluded_lines": [], "start_line": 124}, "ValueBettingSystem.calculate_odds_movement": {"executed_lines": [], "summary": {"covered_lines": 0, "num_statements": 22, "percent_covered": 0.0, "percent_covered_display": "0", "missing_lines": 22, "excluded_lines": 0, "percent_statements_covered": 0.0, "percent_statements_covered_display": "0"}, "missing_lines": [150, 151, 153, 154, 155, 157, 158, 161, 162, 164, 165, 167, 168, 170, 171, 173, 174, 176, 177, 178, 181, 183], "excluded_lines": [], "start_line": 137}, "ValueBettingSystem.calculate_closing_line_value": {"executed_lines": [], "summary": {"covered_lines": 0, "num_statements": 1, "percent_covered": 0.0, "percent_covered_display": "0", "missing_lines": 1, "excluded_lines": 0, "percent_statements_covered": 0.0, "percent_statements_covered_display": "0"}, "missing_lines": [199], "excluded_lines": [], "start_line": 190}, "ValueBettingSystem.identify_value_bets": {"executed_lines": [], "summary": {"covered_lines": 0, "num_statements": 23, "percent_covered": 0.0, "percent_covered_display": "0", "missing_lines": 23, "excluded_lines": 0, "percent_statements_covered": 0.0, "percent_statements_covered_display": "0"}, "missing_lines": [219, 222, 224, 225, 228, 229, 232, 235, 237, 238, 241, 247, 248, 249, 250, 251, 252, 255, 256, 257, 258, 259, 262], "excluded_lines": [], "start_line": 201}, "ValueBettingSystem.rank_value_bets": {"executed_lines": [], "summary": {"covered_lines": 0, "num_statements": 5, "percent_covered": 0.0, "percent_covered_display": "0", "missing_lines": 5, "excluded_lines": 0, "percent_statements_covered": 0.0, "percent_statements_covered_display": "0"}, "missing_lines": [281, 282, 283, 284, 291], "excluded_lines": [], "start_line": 275}, "": {"executed_lines": [], "summary": {"covered_lines": 0, "num_statements": 71, "percent_covered": 0.0, "percent_covered_display": "0", "missing_lines": 71, "excluded_lines": 0, "percent_statements_covered": 0.0, "percent_statements_covered_display": "0"}, "missing_lines": [10, 11, 12, 13, 14, 15, 17, 18, 20, 21, 22, 23, 24, 25, 27, 32, 33, 35, 36, 37, 38, 39, 40, 41, 42, 43, 44, 45, 48, 49, 57, 78, 95, 99, 124, 137, 190, 201, 275, 295, 296, 298, 301, 304, 306, 307, 308, 311, 314, 315, 317, 320, 329, 330, 331, 332, 333, 334, 335, 336, 337, 338, 339, 341, 343, 344, 345, 346, 347, 348, 349], "excluded_lines": [], "start_line": 1}}, "classes": {"BookmakerOdds": {"executed_lines": [], "summary": {"covered_lines": 0, "num_statements": 2, "percent_covered": 0.0, "percent_covered_display": "0", "missing_lines": 2, "excluded_lines": 0, "percent_statements_covered": 0.0, "percent_statements_covered_display": "0"}, "missing_lines": [29, 30], "excluded_lines": [], "start_line": 18}, "ValueBet": {"executed_lines": [], "summary": {"covered_lines": 0, "num_statements": 0, "percent_covered": 100.0, "percent_covered_display": "100", "missing_lines": 0, "excluded_lines": 0, "percent_statements_covered": 100.0, "percent_statements_covered_display": "100"}, "missing_lines": [], "excluded_lines": [], "start_line": 33}, "ValueBettingSystem": {"executed_lines": [], "summary": {"covered_lines": 0, "num_statements": 71, "percent_covered": 0.0, "percent_covered_display": "0", "missing_lines": 71, "excluded_lines": 0, "percent_statements_covered": 0.0, "percent_statements_covered_display": "0"}, "missing_lines": [50, 51, 68, 76, 89, 90, 92, 93, 97, 105, 107, 109, 111, 118, 119, 120, 122, 129, 130, 132, 150, 151, 153, 154, 155, 157, 158, 161, 162, 164, 165, 167, 168, 170, 171, 173, 174, 176, 177, 178, 181, 183, 199, 219, 222, 224, 225, 228, 229, 232, 235, 237, 238, 241, 247, 248, 249, 250, 251, 252, 255, 256, 257, 258, 259, 262, 281, 282, 283, 284, 291], "excluded_lines": [], "start_line": 48}, "": {"executed_lines": [], "summary": {"covered_lines": 0, "num_statements": 71, "percent_covered": 0.0, "percent_covered_display": "0", "missing_lines": 71, "excluded_lines": 0, "percent_statements_covered": 0.0, "percent_statements_covered_display": "0"}, "missing_lines": [10, 11, 12, 13, 14, 15, 17, 18, 20, 21, 22, 23, 24, 25, 27, 32, 33, 35, 36, 37, 38, 39, 40, 41, 42, 43, 44, 45, 48, 49, 57, 78, 95, 99, 124, 137, 190, 201, 275, 295, 296, 298, 301, 304, 306, 307, 308, 311, 314, 315, 317, 320, 329, 330, 331, 332, 333, 334, 335, 336, 337, 338, 339, 341, 343, 344, 345, 346, 347, 348, 349], "
[...]
, 259, 260, 261, 262, 263, 264, 266, 271, 272, 273, 274, 275, 276, 279, 280, 281, 286, 287, 288, 289, 290, 293, 294, 298, 299, 300, 305, 316, 317, 318, 320, 321, 323, 324, 325, 328, 329, 331, 334, 335, 337, 338, 342, 343, 346, 347, 348, 351, 352, 353, 354, 355, 356, 358, 359, 360, 361, 363, 364, 365, 366, 367, 368, 369, 372, 376, 378, 380, 403, 405, 407, 408, 411, 412, 413, 414, 415, 416, 417, 418, 421, 422, 425, 426, 428, 430, 431, 434, 437, 438, 439, 440, 441, 444, 445, 446, 447, 448, 449, 450, 451, 452, 453, 455, 457, 458, 460, 461, 463, 464, 468, 469, 472, 473, 476, 477, 479, 482, 483, 484, 485, 486, 487, 488, 489, 490, 491, 494, 496, 497, 512, 514, 515, 528, 529, 530, 532, 535, 536, 538, 539, 541, 542, 544, 545, 547, 548, 552, 553, 555, 558, 560, 561, 564, 565, 566, 568, 570, 571, 572, 573, 575, 588, 597, 600, 601, 604, 606, 607, 608, 609, 610, 611, 612, 614, 615, 616, 617, 618, 619, 620, 622, 623, 625, 626, 629, 630, 631, 633, 648, 650, 652, 653, 656, 659, 660, 661, 663, 666, 668, 671, 673, 674, 676, 677, 681, 683, 686, 691, 693, 695, 696, 697, 698, 699, 703, 704, 706, 709, 711, 713, 714, 715, 716, 718, 719], "excluded_lines": [], "start_line": 23}, "": {"executed_lines": [6, 7, 8, 9, 10, 11, 13, 16, 17, 18, 23, 29, 31, 32, 67, 68, 108, 109, 166, 167, 246, 247, 268, 269, 283, 284, 307, 308, 384, 385, 517, 518, 635, 636, 688, 689], "summary": {"covered_lines": 36, "num_statements": 38, "percent_covered": 94.73684210526316, "percent_covered_display": "95", "missing_lines": 2, "excluded_lines": 0, "percent_statements_covered": 94.73684210526316, "percent_statements_covered_display": "95"}, "missing_lines": [19, 20], "excluded_lines": [], "start_line": 1}}}, "web/monitoring.py": {"executed_lines": [7, 8, 9, 10, 11, 12, 13, 14, 17, 20, 21, 22, 25, 28, 29, 30, 34, 35, 38, 39, 41, 42, 43, 45, 47, 55, 56, 57, 58, 61, 66, 68, 70, 74, 78, 83, 86, 87, 88, 90, 114, 126, 157, 160, 161, 162, 164, 188, 192, 214, 215, 216, 219, 221, 224, 229, 234, 267, 278, 288], "summary": {"covered_lines": 60, "num_statements": 121, "percent_covered": 49.586776859504134, "percent_covered_display": "50", "missing_lines": 61, "excluded_lines": 0, "percent_statements_covered": 49.586776859504134, "percent_statements_covered_display": "50"}, "missing_lines": [72, 76, 80, 92, 93, 95, 102, 103, 106, 107, 116, 117, 120, 121, 122, 124, 128, 129, 139, 140, 141, 143, 144, 146, 166, 174, 177, 178, 181, 190, 194, 195, 201, 202, 203, 204, 206, 226, 231, 236, 237, 238, 239, 240, 242, 243, 246, 247, 249, 251, 252, 253, 256, 259, 260, 261, 263, 264, 269, 280, 290], "excluded_lines": [], "functions": {"StructuredLogger.__init__": {"executed_lines": [21, 22, 25, 28, 29, 30, 34, 35, 38, 39, 41, 42, 43], "summary": {"covered_lines": 13, "num_statements": 13, "percent_covered": 100.0, "percent_covered_display": "100", "missing_lines": 0, "excluded_lines": 0, "percent_statements_covered": 100.0, "percent_statements_covered_display": "100"}, "missing_lines": [], "excluded_lines": [], "start_line": 20}, "StructuredLogger._log_json": {"executed_lines": [47, 55, 56, 57, 58, 61], "summary": {"covered_lines": 6, "num_statements": 6, "percent_covered": 100.0, "percent_covered_display": "100", "missing_lines": 0, "excluded_lines": 0, "percent_statements_covered": 100.0, "percent_statements_covered_display": "100"}, "missing_lines": [], "excluded_lines": [], "start_line": 45}, "StructuredLogger.info": {"executed_lines": [68], "summary": {"covered_lines": 1, "num_statements": 1, "percent_covered": 100.0, "percent_covered_display": "100", "missing_lines": 0, "excluded_lines": 0, "percent_statements_covered": 100.0, "percent_statements_covered_display": "100"}, "missing_lines": [], "excluded_lines": [], "start_line": 66}, "StructuredLogger.warning": {"executed_lines": [], "summary": {"covered_lines": 0, "num_statements": 1, "percent_covered": 0.0, "percent_covered_display": "0", "missing_lines": 1, "excluded_lines": 0, "percent_statements_covered": 0.0, "percent_statements_covered_display": "0"}, "missing_lines": [72], "excluded_lines": [], "start_line": 70}, "StructuredLogger.error": {"executed_lines": [], "summary": {"covered_lines": 0, "num_statements": 1, "percent_covered": 0.0, "percent_covered_display": "0", "missing_lines": 1, "excluded_lines": 0, "percent_statements_covered": 0.0, "percent_statements_covered_display": "0"}, "missing_lines": [76], "excluded_lines": [], "start_line": 74}, "StructuredLogger.critical": {"executed_lines": [], "summary": {"covered_lines": 0, "num_statements": 1, "percent_covered": 0.0, "percent_covered_display": "0", "missing_lines": 1, "excluded_lines": 0, "percent_statements_covered": 0.0, "percent_statements_covered_display": "0"}, "missing_lines": [80], "excluded_lines": [], "start_line": 78}, "PerformanceMonitor.__init__": {"executed_lines": [87, 88], "summary": {"covered_lines": 2, "num_statements": 2, "percent_covered": 100.0, "percent_covered_display": "100", "missing_lines": 0, "excluded_lines": 0, "percent_statements_covered": 100.0, "percent_statements_covered_display": "100"}, "missing_lines": [], "excluded_lines": [], "start_line": 86}, "PerformanceMonitor.record": {"executed_lines": [], "summary": {"covered_lines": 0, "num_statements": 7, "percent_covered": 0.0, "percent_covered_display": "0", "missing_lines": 7, "excluded_lines": 0, "percent_statements_covered": 0.0, "percent_statements_covered_display": "0"}, "missing_lines": [92, 93, 95, 102, 103, 106, 107], "excluded_lines": [], "start_line": 90}, "PerformanceMonitor.get_stats": {"executed_lines": [], "summary": {"covered_lines": 0, "num_statements": 6, "percent_covered": 0.0, "percent_covered_display": "0", "missing_lines": 6, "excluded_lines": 0, "percent_statements_covered": 0.0, "percent_statements_covered_display": "0"}, "missing_lines": [116, 117, 120, 121, 122, 124], "excluded_lines": [], "start_line": 114}, "PerformanceMonitor._stats_for_endpoint": {"executed_lines": [], "summary": {"covered_lines": 0, "num_statements": 8, "percent_covered": 0.0, "percent_covered_display": "0", "missing_lines": 8, "excluded_lines": 0, "percent_statements_covered": 0.0, "percent_statements_covered_display": "0"}, "missing_lines": [128, 129, 139, 140, 141, 143, 144, 146], "excluded_lines": [], "start_line": 126}, "ErrorTracker.__init__": {"executed_lines": [161, 162], "summary": {"covered_lines": 2, "num_statements": 2, "percent_covered": 100.0, "percent_covered_display": "100", "missing_lines": 0, "excluded_lines": 0, "percent_statements_covered": 100.0, "percent_statements_covered_display": "100"}, "missing_lines": [], "excluded_lines": [], "start_line": 160}, "ErrorTracker.record_error": {"executed_lines": [], "summary": {"covered_lines": 0, "num_statements": 5, "percent_covered": 0.0, "percent_covered_display": "0", "missing_lines": 5, "excluded_lines": 0, "percent_statements_covered": 0.0, "percent_statements_covered_display": "0"}, "missing_lines": [166, 174, 177, 178, 181], "excluded_lines": [], "start_line": 164}, "ErrorTracker.get_recent_errors": {"executed_lines": [], "summary": {"covered_lines": 0, "num_statements": 1, "percent_covered": 0.0, "percent_covered_display": "0", "missing_lines": 1, "excluded_lines": 0, "percent_statements_covered": 0.0, "percent_statements_covered_display": "0"}, "missing_lines": [190], "excluded_lines": [], "start_line": 188}, "ErrorTracker.get_error_summary": {"executed_lines": [], "summary": {"covered_lines": 0, "num_statements": 7, "percent_covered": 0.0, "percent_covered_display": "0", "missing_lines": 7, "excluded_lines": 0, "percent_statements_covered": 0.0, "percent_statements_covered_display": "0"}, "missing_lines": [194, 195, 201, 202, 203, 204, 206], "excluded_lines": [], "start_line": 192}, "get_logger": {"executed_lines": [221], "summary": {"covered_lines": 1, "num_statements": 1, "percent_covered": 100.0, "percent_covered_display": "100", "missing_lines": 0, "excluded_lines": 0, "percent_statements_covered": 100.0, "percent_statements_covered_display": "100"}, "missing_lines": [], "excluded_lines": [], "start_line": 219}, "get_performance_monitor": {"executed_lines": [], "summary": {"covered_lines": 0, "num_statements": 1, "percent_covered": 0.0, "percent_covered_display": "0", "missing_lines": 1, "excluded_lines": 0, "percent_statements_covered": 0.0, "percent_statements_covered_display": "0"}, "missing_lines": [226], "excluded_lines": [], "start_line": 224}, "get_error_tracker": {"executed_lines": [], "summary": {"covered_lines": 0, "num_statements": 1, "percent_covered": 0.0, "percent_covered_display": "0", "missing_lines": 1, "excluded_lines": 0, "percent_statements_covered": 0.0, "percent_statements_covered_display": "0"}, "missing_lines": [231], "excluded_lines": [], "start_line": 229}, "monitor_performance": {"executed_lines": [], "summary": {"covered_lines": 0, "num_statements": 3, "percent_covered": 0.0, "percent_covered_display": "0", "missing_lines": 3, "excluded_lines": 0, "percent_statements_covered": 0.0, "percent_statements_covered_display": "0"}, "missing_lines": [236, 237, 264], "excluded_lines": [], "start_line": 234}, "monitor_performance.decorator": {"executed_lines": [], "summary": {"covered_lines": 0, "num_statements": 2, "percent_covered": 0.0, "percent_covered_display": "0", "missing_lines": 2, "excluded_lines": 0, "percent_statements_covered": 0.0, "percent_statements_covered_display": "0"}, "missing_lines": [238, 263], "excluded_lines": [], "start_line": 236}, "monitor_performance.decorator.wrapper": {"executed_lines": [], "summary": {"covered_lines": 0, "num_statements": 14, "percent_covered": 0.0, "percent_covered_display": "0", "missing_lines": 14, "excluded_lines": 0, "percent_statements_covered": 0.0, "percent_statements_covered_display": "0"}, "missing_lines": [239, 240, 242, 243, 246, 247, 249, 251, 252, 253, 256, 259, 260, 261], "excluded_lines": [], "start_line": 238}, "log_request": {"executed_lines": [], "summary": {"covered_lines": 0, "num_statements": 1, "percent_covered": 0.0, "percent_covered_display": "0", "missing_lines": 1, "excluded_lines": 0, "percent_statements_covered": 0.0, "percent_statements_covered_display": "0"}, "missing_lines": [269], "excluded_lines": [], "start_line": 267}, "log_cache_hit": {"executed_lines": [], "summary": {"covered_lines": 0, "num_statements": 1, "percent_covered": 0.0, "percent_covered_display": "0", "missing_lines": 1, "excluded_lines": 0, "percent_statements_covered": 0.0, "percent_statements_covered_display": "0"}, "missing_lines": [280], "excluded_lines": [], "start_line": 278}, "log_api_call": {"executed_lines": [], "summary": {"covered_lines": 0, "num_statements": 1, "percent_covered": 0.0, "percent_covered_display": "0", "missing_lines": 1, "excluded_lines": 0, "percent_statements_covered": 0.0, "percent_statements_covered_display": "0"}, "missing_lines": [290], "excluded_lines": [], "start_line": 288}, "": {"executed_lines": [7, 8, 9, 10, 11, 12, 13, 14, 17, 20, 45, 66, 70, 74, 78, 83, 86, 90, 114, 126, 157, 160, 164, 188, 192, 214, 215, 216, 219, 224, 229, 234, 267, 278, 288], "summary": {"covered_lines": 35, "num_statements": 35, "percent_covered": 100.0, "percent_covered_display": "100", "missing_lines": 0, "excluded_lines": 0, "percent_statements_covered": 100.0, "percent_statements_covered_display": "100"}, "missing_lines": [], "excluded_lines": [], "start_line": 1}}, "classes": {"StructuredLogger": {"executed_lines": [21, 22, 25, 28, 29, 30, 34, 35, 38, 39, 41, 42, 43, 47, 55, 56, 57, 58, 61, 68], "summary": {"covered_lines": 20, "num_statements": 23, "percent_covered": 86.95652173913044, "percent_covered_display": "87", "missing_lines": 3, "excluded_lines": 0, "percent_statements_covered": 86.95652173913044, "percent_statements_covered_display": "87"}, "missing_lines": [72, 76, 80], "excluded_lines": [], "start_line": 17}, "PerformanceMonitor": {"executed_lines": [87, 88], "summary": {"covered_lines": 2, "num_statements": 23, "percent_covered": 8.695652173913043, "percent_covered_display": "9", "missing_lines": 21, "excluded_lines": 0, "percent_statements_covered": 8.695652173913043, "percent_statements_covered_display": "9"}, "missing_lines": [92, 93, 95, 102, 103, 106, 107, 116, 117, 120, 121, 122, 124, 128, 129, 139, 140, 141, 143, 144, 146], "excluded_lines": [], "start_line": 83}, "ErrorTracker": {"executed_lines": [161, 162], "summary": {"covered_lines": 2, "num_statements": 15, "percent_covered": 13.333333333333334, "percent_covered_display": "13", "missing_lines": 13, "excluded_lines": 0, "percent_statements_covered": 13.333333333333334, "percent_statements_covered_display": "13"}, "missing_lines": [166, 174, 177, 178, 181, 190, 194, 195, 201, 202, 203, 204, 206], "excluded_lines": [], "start_line": 157}, "": {"executed_lines": [7, 8, 9, 10, 11, 12, 13, 14, 17, 20, 45, 66, 70, 74, 78, 83, 86, 90, 114, 126, 157, 160, 164, 188, 192, 214, 215, 216, 219, 221, 224, 229, 234, 267, 278, 288], "summary": {"covered_lines": 36, "num_statements": 60, "percent_covered": 60.0, "percent_covered_display": "60", "missing_lines": 24, "excluded_lines": 0, "percent_statements_covered": 60.0, "percent_statements_covered_display": "60"}, "missing_lines": [226, 231, 236, 237, 238, 239, 240, 242, 243, 246, 247, 249, 251, 252, 253, 256, 259, 260, 261, 263, 264, 269, 280, 290], "excluded_lines": [], "start_line": 1}}}, "web/monitoring_app.py": {"executed_lines": [], "summary": {"covered_lines": 0, "num_statements": 80, "percent_covered": 0.0, "percent_covered_display": "0", "missing_lines": 80, "excluded_lines": 0, "percent_statements_covered": 0.0, "percent_statements_covered_display": "0"}, "missing_lines": [8, 9, 11, 13, 14, 15, 16, 17, 20, 21, 22, 25, 26, 27, 28, 29, 32, 34, 35, 37, 39, 40, 42, 55, 56, 58, 69, 70, 73, 94, 95, 97, 288, 290, 291, 293, 300, 301, 303, 304, 305, 306, 307, 308, 310, 311, 312, 314, 315, 317, 318, 319, 321, 323, 324, 325, 326, 328, 337, 338, 340, 341, 343, 344, 345, 347, 349, 350, 351, 352, 354, 355, 357, 364, 369, 370, 373, 374, 375, 378], "excluded_lines": [], "functions": {"after_request": {"executed_lines": [], "summary": {"covered_lines": 0, "num_statements": 4, "percent_covered": 0.0, "percent_covered_display": "0", "missing_lines": 4, "excluded_lines": 0, "percent_statements_covered": 0.0, "percent_statements_covered_display": "0"}, "missing_lines": [27, 28, 29, 32], "excluded_lines": [], "start_line": 26}, "favicon": {"executed_lines": [], "summary": {"covered_lines": 0, "num_statements": 1, "percent_covered": 0.0, "percent_covered_display": "0", "missing_lines": 1, "excluded_lines": 0, "percent_statements_covered": 0.0, "percent_statements_covered_display": "0"}, "missing_lines": [37], "excluded_lines": [], "start_line": 35}, "home": {"executed_lines": [], "summary": {"covered_lines": 0, "num_statements": 1, "percent_covered": 0.0, "percent_covered_display": "0", "missing_lines": 1, "excluded_lines": 0, "percent_statements_covered": 0.0, "percent_statements_covered_display": "0"}, "missing_lines": [42], "excluded_lines": [], "start_line": 40}, "api_health": {"executed_lines": [], "summary": {"covered_lines": 0, "num_statements": 1, "percent_covered": 0.0, "percent_covered_display": "0", "missing_lines": 1, "excluded_lines": 0, "percent_statements_covered": 0.0, "percent_statements_covered_display": "0"}, "missing_lines": [58], "excluded_lines": [], "start_line": 56}, "api_metrics": {"executed_lines": [], "summary": {"covered_lines": 0, "num_statements": 1, "percent_covered": 0.0, "percent_covered_display": "0", "missing_lines": 1, "excluded_lines": 0, "percent_statements_covered": 0.0, "percent_statements_covered_display": "0"}, "missing_lines": [73], "excluded_lines": [], "start_line": 70}, "monitoring": {"executed_lines": [], "summary": {"covered_lines": 0, "num_statements": 2, "percent_covered": 0.0, "percent_covered_display": "0", "missing_lines": 2, "excluded_lines": 0, "percent_statements_covered": 0.0, "percent_statements_covered_display": "0"}, "missing_lines": [97, 288], "excluded_lines": [], "start_line": 95}, "status": {"executed_lines": [], "summary": {"covered_lines": 0, "num_statements": 1, "percent_covered": 0.0, "percent_covered_display": "0", "missing_lines": 1, "excluded_lines": 0, "percent_statements_covered": 0.0, "percent_statements_covered_display": "0"}, "missing_lines": [293], "excluded_lines": [], "start_line": 291}, "automation_page": {"executed_lines": [], "summary": {"covered_lines": 0, "num_statements": 9, "percent_covered": 0.0, "percent_covered_display": "0", "missing_lines": 9, "excluded_lines": 0, "percent_statements_covered": 0.0, "percent_statements_covered_display": "0"}, "missing_lines": [303, 304, 305, 306, 307, 308, 310, 311, 312], "excluded_lines": [], "start_line": 301}, "automation_status_api": {"executed_lines": [], "summary": {"covered_lines": 0, "num_statements": 11, "percent_covered": 0.0, "percent_covered_display": "0", "missing_lines": 11, "excluded_lines": 0, "percent_statements_covered": 0.0, "percent_statements_covered_display": "0"}, "missing_lines": [317, 318, 319, 321, 323, 324, 325, 326, 328, 337, 338], "excluded_lines": [], "start_line": 315}, "dataset_info_api": {"executed_lines": [], "summary": {"covered_lines": 0, "num_statements": 14, "percent_covered": 0.0, "percent_covered_display": "0", "missing_lines": 14, "excluded_lines": 0, "percent_statements_covered": 0.0, "percent_statements_covered_display": "0"}, "missing_lines": [343, 344, 345, 347, 349, 350, 351, 352, 354, 355, 357, 364, 369, 370], "excluded_lines": [], "start_line": 341}, "": {"executed_lines": [], "summary": {"covered_lines": 0, "num_statements": 35, "percent_covered": 0.0, "percent_covered_display": "0", "missing_lines": 35, "excluded_lines": 0, "percent_statements_covered": 0.0, "percent_statements_covered_display": "0"}, "missing_lines": [8, 9, 11, 13, 14, 15, 16, 17, 20, 21, 22, 25, 26, 34, 35, 39, 40, 55, 56, 69, 70, 94, 95, 290, 291, 300, 301, 314, 315, 340, 341, 373, 374, 375, 378], "excluded_lines": [], "start_line": 1}}, "classes": {"": {"executed_lines": [], "summary": {"covered_lines": 0, "num_statements": 80, "percent_covered": 0.0, "percent_covered_display": "0", "missing_lines": 80, "excluded_lines": 0, "percent_statements_covered": 0.0, "percent_statements_covered_display": "0"}, "missing_lines": [8, 9, 11, 13, 14, 15, 16, 17, 20, 21, 22, 25, 26, 27, 28, 29, 32, 34, 35, 37, 39, 40, 42, 55, 56, 58, 69, 70, 73, 94, 95, 97, 288, 290, 291, 293, 300, 301, 303, 304, 305, 306, 307, 308, 310, 311, 312, 314, 315, 317, 318, 319, 321, 323, 324, 325, 326, 328, 337, 338, 340, 341, 343, 344, 345, 347, 349, 350, 351, 352, 354, 355, 357, 364, 369, 370, 373, 374, 375, 378], "excluded_lines": [], "start_line": 1}}}, "web/wsgi.py": {"executed_lines": [], "summary": {"covered_lines": 0, "num_statements": 6, "percent_covered": 0.0, "percent_covered_display": "0", "missing_lines": 6, "excluded_lines": 0, "percent_statements_covered": 0.0, "percent_statements_covered_display": "0"}, "missing_lines": [6, 7, 10, 13, 15, 17], "excluded_lines": [], "functions": {"": {"executed_lines": [], "summary": {"covered_lines": 0, "num_statements": 6, "percent_covered": 0.0, "percent_covered_display": "0", "missing_lines": 6, "excluded_lines": 0, "percent_statements_covered": 0.0, "percent_statements_covered_display": "0"}, "missing_lines": [6, 7, 10, 13, 15, 17], "excluded_lines": [], "start_line": 1}}, "classes": {"": {"executed_lines": [], "summary": {"covered_lines": 0, "num_statements": 6, "percent_covered": 0.0, "percent_covered_display": "0", "missing_lines": 6, "excluded_lines": 0, "percent_statements_covered": 0.0, "percent_statements_covered_display": "0"}, "missing_lines": [6, 7, 10, 13, 15, 17], "excluded_lines": [], "start_line": 1}}}}, "totals": {"covered_lines": 1077, "num_statements": 5751, "percent_covered": 18.72717788210746, "percent_covered_display": "19", "missing_lines": 4674, "excluded_lines": 0, "percent_statements_covered": 18.72717788210746, "percent_statements_covered_display": "19"}}
